JvmtiExport can_access_local_variables 1
JvmtiExport can_hotswap_or_post_breakpoint 1
JvmtiExport can_post_on_exceptions 1
# 381 ciObject found
ciMethod java/lang/Object <init> ()V 16489 1 494467 0 0
ciMethod java/lang/Object equals (Ljava/lang/Object;)Z 1313 1 20533 0 -1
ciMethod java/lang/Object toString ()Ljava/lang/String; 49 1 6 0 -1
ciMethod java/lang/CharSequence length ()I 0 0 1 0 -1
ciMethod java/lang/CharSequence charAt (I)C 0 0 1 0 -1
ciMethod java/lang/CharSequence subSequence (II)Ljava/lang/CharSequence; 0 0 1 0 -1
ciMethod java/lang/CharSequence toString ()Ljava/lang/String; 0 0 1 0 -1
ciMethod java/lang/String <init> ([CII)V 4097 1 5834 0 896
ciMethod java/lang/String length ()I 4097 1 179682 0 96
ciMethod java/lang/String charAt (I)C 4097 1 645438 0 192
ciMethod java/lang/String getChars (II[CI)V 4097 1 6670 0 512
ciMethod java/lang/String equals (Ljava/lang/Object;)Z 4097 19865 5789 0 -1
ciMethod java/lang/String startsWith (Ljava/lang/String;I)Z 4097 641 10108 0 480
ciMethod java/lang/String startsWith (Ljava/lang/String;)Z 4097 1 44704 0 448
ciMethod java/lang/String lastIndexOf (I)I 2089 1 30343 0 352
ciMethod java/lang/String lastIndexOf (II)I 1681 147457 1233 0 352
ciMethod java/lang/String lastIndexOfSupplementary (II)I 0 0 1 0 -1
ciMethod java/lang/String indexOf (Ljava/lang/String;)I 2081 1 26112 0 -1
ciMethod java/lang/String substring (I)Ljava/lang/String; 585 1 5225 0 1216
ciMethod java/lang/String substring (II)Ljava/lang/String; 4097 1 5820 0 1248
ciMethod java/lang/String subSequence (II)Ljava/lang/CharSequence; 4097 1 3706 0 0
ciMethod java/lang/String contains (Ljava/lang/CharSequence;)Z 3089 1 6715 0 0
ciMethod java/lang/String toString ()Ljava/lang/String; 3153 1 7806 0 0
ciMethod java/lang/System arraycopy (Ljava/lang/Object;ILjava/lang/Object;II)V 23553 1 2944 0 -1
ciMethod java/lang/AbstractStringBuilder <init> (I)V 2569 1 47279 0 256
ciMethod java/lang/AbstractStringBuilder ensureCapacityInternal (I)V 4097 1 116880 0 768
ciMethod java/lang/AbstractStringBuilder newCapacity (I)I 2921 1 5490 0 192
ciMethod java/lang/AbstractStringBuilder hugeCapacity (I)I 0 0 1 0 -1
ciMethod java/lang/AbstractStringBuilder append (Ljava/lang/String;)Ljava/lang/AbstractStringBuilder; 4097 1 5823 0 1440
ciMethod java/lang/AbstractStringBuilder appendNull ()Ljava/lang/AbstractStringBuilder; 0 0 7 0 0
ciMethod java/lang/AbstractStringBuilder append (I)Ljava/lang/AbstractStringBuilder; 1 1 5140 0 -1
ciMethod java/lang/StringBuilder <init> ()V 2561 1 30461 0 192
ciMethod java/lang/StringBuilder append (Ljava/lang/String;)Ljava/lang/StringBuilder; 4097 1 94240 0 1440
ciMethod java/lang/StringBuilder append (I)Ljava/lang/StringBuilder; 1 1 5766 0 0
ciMethod java/lang/StringBuilder toString ()Ljava/lang/String; 2561 1 31578 0 992
ciMethod java/lang/StackTraceElement getFileName ()Ljava/lang/String; 217 1 27 0 0
ciMethod java/lang/StackTraceElement getLineNumber ()I 217 1 27 0 0
ciMethod java/lang/StackTraceElement getClassName ()Ljava/lang/String; 1353 1 169 0 0
ciMethod java/lang/StackTraceElement getMethodName ()Ljava/lang/String; 1305 1 163 0 0
ciMethod java/lang/StackTraceElement isNativeMethod ()Z 3449 1 5244 0 0
ciMethod java/lang/StackTraceElement toString ()Ljava/lang/String; 3057 1 5213 0 0
ciMethod java/lang/Boolean booleanValue ()Z 1361 1 170 0 -1
ciMethod java/lang/Boolean valueOf (Z)Ljava/lang/Boolean; 4097 1 12639 0 0
ciMethod java/lang/Math max (II)I 3089 1 42217 0 -1
ciMethod java/lang/Math min (II)I 4097 1 91437 0 -1
ciMethod java/util/Arrays copyOf ([CI)[C 3169 1 17027 0 0
ciMethod java/util/Arrays copyOfRange ([CII)[C 4097 1 5940 0 512
ciMethodData java/lang/String length ()I 2 179694 orig 264 72 34 212 119 0 0 0 0 176 60 54 27 0 0 0 0 32 1 0 0 0 0 0 0 0 0 0 0 0 0 0 0 0 0 0 0 0 0 0 0 0 0 0 0 0 0 0 0 0 0 0 0 0 0 0 0 0 0 0 0 0 0 0 0 0 0 0 0 0 0 0 0 0 0 0 0 0 0 0 0 77 68 79 32 101 120 116 114 97 32 100 97 116 97 32 108 111 99 107 0 0 0 0 0 0 0 0 0 0 0 0 0 0 0 0 0 0 0 0 0 0 0 0 0 0 0 0 0 0 0 0 0 0 0 0 0 0 0 0 0 0 0 0 0 0 0 0 0 0 0 0 0 0 0 0 0 0 0 0 0 0 0 0 0 0 0 0 0 0 0 0 0 0 0 0 0 0 0 0 0 0 0 0 0 0 0 0 0 0 0 0 0 0 0 0 0 0 0 0 0 0 0 0 0 0 0 0 0 0 0 0 0 0 0 0 0 0 2 0 0 113 223 21 0 1 0 0 0 0 0 0 0 0 0 0 0 2 0 0 0 0 0 0 0 0 0 0 0 0 0 0 0 255 255 255 255 0 0 0 0 0 0 0 0 data 0 oops 0
ciMethodData java/lang/Object <init> ()V 2 494467 orig 264 72 34 212 119 0 0 0 0 128 4 54 27 0 0 0 0 32 1 0 0 0 0 0 0 0 0 0 0 0 0 0 0 0 0 0 0 0 0 0 0 0 0 0 0 0 0 0 0 0 0 0 0 0 0 0 0 0 0 0 0 0 0 0 0 0 0 0 0 0 0 0 0 0 0 0 0 0 0 0 0 77 68 79 32 101 120 116 114 97 32 100 97 116 97 32 108 111 99 107 0 0 0 0 0 0 0 0 0 0 0 0 0 0 0 0 0 0 0 0 0 0 0 0 0 0 0 0 0 0 0 0 0 0 0 0 0 0 0 0 0 0 0 0 0 0 0 0 0 0 0 0 0 0 0 0 0 0 0 0 0 0 0 0 0 0 0 0 0 0 0 0 0 0 0 0 0 0 0 0 0 0 0 0 0 0 0 0 0 0 0 0 0 0 0 0 0 0 0 0 0 0 0 0 0 0 0 0 0 0 0 0 0 0 0 0 0 0 2 0 0 177 27 60 0 1 0 0 0 0 0 0 0 0 0 0 0 2 0 0 0 0 0 3 0 1 0 0 0 0 0 0 0 255 255 255 255 0 0 0 0 0 0 0 0 data 0 oops 0
ciMethodData java/lang/String <init> ([CII)V 2 5834 orig 264 72 34 212 119 0 0 0 0 240 49 54 27 0 0 0 0 80 2 0 0 208 0 0 0 0 0 0 0 0 0 0 0 0 0 0 0 0 0 0 0 0 0 0 0 0 0 0 0 0 0 0 0 0 0 0 0 0 0 0 0 0 0 0 0 0 0 0 0 0 0 0 0 0 0 0 0 0 0 0 0 77 68 79 32 101 120 116 114 97 32 100 97 116 97 32 108 111 99 107 0 0 0 0 0 0 0 0 0 0 0 0 0 0 0 0 0 0 0 0 0 0 0 0 0 0 0 0 0 0 0 0 0 0 0 0 0 0 0 0 0 0 0 0 0 0 0 0 0 0 0 0 0 0 0 0 0 0 0 0 0 0 0 0 0 0 0 0 0 0 0 0 0 0 0 0 0 0 0 0 0 0 0 0 0 0 0 0 0 0 0 0 0 0 0 0 0 0 0 0 0 0 0 0 0 0 0 0 0 0 0 0 0 0 0 0 0 0 2 0 0 81 166 0 0 1 0 0 0 0 0 0 0 0 0 0 0 2 0 0 0 0 0 14 0 2 0 0 0 240 0 0 0 255 255 255 255 2 0 1 0 0 0 0 0 data 30 0x10002 0x14ca 0x50007 0x14ca 0x30 0x0 0xd0002 0x0 0x120007 0x14c0 0x70 0xa 0x160007 0xa 0x30 0x0 0x1e0002 0x0 0x250007 0x0 0x20 0xa 0x370007 0x14c0 0x30 0x0 0x410002 0x0 0x4b0002 0x14c0 oops 0
ciMethodData java/util/Arrays copyOfRange ([CII)[C 2 5940 orig 264 72 34 212 119 0 0 0 0 88 182 71 27 0 0 0 0 120 2 0 0 240 0 0 0 0 0 0 0 0 0 0 0 0 0 0 0 0 0 0 0 0 0 0 0 0 0 0 0 0 0 0 0 0 0 0 0 0 0 0 0 0 0 0 0 0 0 0 0 0 0 0 0 0 0 0 0 0 0 0 0 77 68 79 32 101 120 116 114 97 32 100 97 116 97 32 108 111 99 107 0 0 0 0 0 0 0 0 0 0 0 0 0 0 0 0 0 0 0 0 0 0 0 0 0 0 0 0 0 0 0 0 0 0 0 0 0 0 0 0 0 0 0 0 0 0 0 0 0 0 0 0 0 0 0 0 0 0 0 0 0 0 0 0 0 0 0 0 0 0 0 0 0 0 0 0 0 0 0 0 0 0 0 0 0 0 0 0 0 0 0 0 0 0 0 0 0 0 0 0 0 0 0 0 0 0 0 0 0 0 0 0 0 0 0 0 0 0 2 0 0 161 169 0 0 1 0 0 0 0 0 0 0 0 0 0 0 2 0 0 0 0 0 9 0 2 0 0 0 32 1 0 0 255 255 255 255 7 0 5 0 0 0 0 0 data 36 0x50007 0x1534 0x100 0x0 0x100002 0x0 0x140005 0x0 0x0 0x0 0x0 0x0 0x190005 0x0 0x0 0x0 0x0 0x0 0x1d0005 0x0 0x0 0x0 0x0 0x0 0x200005 0x0 0x0 0x0 0x0 0x0 0x230002 0x0 0x360002 0x1534 0x390002 0x1534 oops 0
ciMethodData java/lang/AbstractStringBuilder ensureCapacityInternal (I)V 2 116880 orig 264 72 34 212 119 0 0 0 0 48 87 61 27 0 0 0 0 144 1 0 0 0 0 0 0 0 0 0 0 0 0 0 0 0 0 0 0 0 0 0 0 0 0 0 0 0 0 0 0 0 0 0 0 0 0 0 0 0 0 0 0 0 0 0 0 0 0 0 0 0 0 0 0 0 0 0 0 0 0 0 0 77 68 79 32 101 120 116 114 97 32 100 97 116 97 32 108 111 99 107 0 0 0 0 0 0 0 0 0 0 0 0 0 0 0 0 0 0 0 0 0 0 0 0 0 0 0 0 0 0 0 0 0 0 0 0 0 0 0 0 0 0 0 0 0 0 0 0 0 0 0 0 0 0 0 0 0 0 0 0 0 0 0 0 0 0 0 0 0 0 0 0 0 0 0 0 0 0 0 0 0 0 0 0 0 0 0 0 0 0 0 0 0 0 0 0 0 0 0 0 0 0 0 0 0 0 0 0 0 0 0 0 0 0 0 0 0 0 2 0 0 129 52 14 0 1 0 0 0 0 0 0 0 0 0 0 0 2 0 0 0 0 0 11 0 2 0 0 0 64 0 0 0 255 255 255 255 7 0 7 0 0 0 0 0 data 8 0x70007 0x1b0d4 0x40 0x15bc 0x110002 0x15bc 0x140002 0x15bc oops 0
ciMethodData java/lang/String substring (II)Ljava/lang/String; 2 5820 orig 264 72 34 212 119 0 0 0 0 8 93 54 27 0 0 0 0 40 2 0 0 208 0 0 0 0 0 0 0 0 0 0 0 0 0 0 0 0 0 0 0 0 0 0 0 0 0 0 0 0 0 0 0 0 0 0 0 0 0 0 0 0 0 0 0 0 0 0 0 0 0 0 0 0 0 0 0 0 0 0 0 77 68 79 32 101 120 116 114 97 32 100 97 116 97 32 108 111 99 107 0 0 0 0 0 0 0 0 0 0 0 0 0 0 0 0 0 0 0 0 0 0 0 0 0 0 0 0 0 0 0 0 0 0 0 0 0 0 0 0 0 0 0 0 0 0 0 0 0 0 0 0 0 0 0 0 0 0 0 0 0 0 0 0 0 0 0 0 0 0 0 0 0 0 0 0 0 0 0 0 0 0 0 0 0 0 0 0 0 0 0 0 0 0 0 0 0 0 0 0 0 0 0 0 0 0 0 0 0 0 0 0 0 0 0 0 0 0 2 0 0 225 165 0 0 1 0 0 0 0 0 0 0 0 0 0 0 2 0 0 0 0 0 15 0 2 0 0 0 248 0 0 0 255 255 255 255 7 0 1 0 0 0 0 0 data 31 0x10007 0x14bc 0x30 0x0 0x90002 0x0 0x130007 0x14bc 0x30 0x0 0x1b0002 0x0 0x240007 0x14bc 0x30 0x0 0x2c0002 0x0 0x310007 0xb4 0x58 0x1408 0x3a0007 0xa34 0x38 0x9d4 0x3e0003 0x9d4 0x28 0x4b0002 0xae8 oops 0
ciMethodData java/lang/String getChars (II[CI)V 2 6670 orig 264 72 34 212 119 0 0 0 0 88 66 54 27 0 0 0 0 8 2 0 0 128 0 0 0 0 0 0 0 0 0 0 0 0 0 0 0 0 0 0 0 0 0 0 0 0 0 0 0 0 0 0 0 0 0 0 0 0 0 0 0 0 0 0 0 0 0 0 0 0 0 0 0 0 0 0 0 0 0 0 0 77 68 79 32 101 120 116 114 97 32 100 97 116 97 32 108 111 99 107 0 0 0 0 0 0 0 0 0 0 0 0 0 0 0 0 0 0 0 0 0 0 0 0 0 0 0 0 0 0 0 0 0 0 0 0 0 0 0 0 0 0 0 0 0 0 0 0 0 0 0 0 0 0 0 0 0 0 0 0 0 0 0 0 0 0 0 0 0 0 0 0 0 0 0 0 0 0 0 0 0 0 0 0 0 0 0 0 0 0 0 0 0 0 0 0 0 0 0 0 0 0 0 0 0 0 0 0 0 0 0 0 0 0 0 0 0 0 2 0 0 113 192 0 0 1 0 0 0 0 0 0 0 0 0 0 0 2 0 0 0 0 0 9 0 2 0 0 0 160 0 0 0 255 255 255 255 7 0 1 0 0 0 0 0 data 20 0x10007 0x180e 0x30 0x0 0x90002 0x0 0x130007 0x180e 0x30 0x0 0x1b0002 0x0 0x210007 0x180e 0x30 0x0 0x2b0002 0x0 0x3a0002 0x180e oops 0
ciMethodData java/lang/StringBuilder append (Ljava/lang/String;)Ljava/lang/StringBuilder; 2 94240 orig 264 72 34 212 119 0 0 0 0 16 151 61 27 0 0 0 0 56 1 0 0 0 0 0 0 0 0 0 0 0 0 0 0 0 0 0 0 0 0 0 0 0 0 0 0 0 0 0 0 0 0 0 0 0 0 0 0 0 0 0 0 0 0 0 0 0 0 0 0 0 0 0 0 0 0 0 0 0 0 0 0 77 68 79 32 101 120 116 114 97 32 100 97 116 97 32 108 111 99 107 0 0 0 0 0 0 0 0 0 0 0 0 0 0 0 0 0 0 0 0 0 0 0 0 0 0 0 0 0 0 0 0 0 0 0 0 0 0 0 0 0 0 0 0 0 0 0 0 0 0 0 0 0 0 0 0 0 0 0 0 0 0 0 0 0 0 0 0 0 0 0 0 0 0 0 0 0 0 0 0 0 0 0 0 0 0 0 0 0 0 0 0 0 0 0 0 0 0 0 0 0 0 0 0 0 0 0 0 0 0 0 0 0 0 0 0 0 0 2 0 0 1 113 11 0 1 0 0 0 0 0 0 0 0 0 0 0 2 0 0 0 0 0 3 0 2 0 0 0 16 0 0 0 255 255 255 255 2 0 2 0 0 0 0 0 data 2 0x20002 0x16e20 oops 0
ciMethodData java/lang/AbstractStringBuilder append (Ljava/lang/String;)Ljava/lang/AbstractStringBuilder; 2 5823 orig 264 72 34 212 119 0 0 0 0 136 96 61 27 0 0 0 0 240 1 0 0 32 0 0 0 0 0 0 0 0 0 0 0 0 0 0 0 0 0 0 0 0 0 0 0 0 0 0 0 0 0 0 0 0 0 0 0 0 0 0 0 0 0 0 0 0 0 0 0 0 0 0 0 0 0 0 0 0 0 0 0 77 68 79 32 101 120 116 114 97 32 100 97 116 97 32 108 111 99 107 0 0 0 0 0 0 0 0 0 0 0 0 0 0 0 0 0 0 0 0 0 0 0 0 0 0 0 0 0 0 0 0 0 0 0 0 0 0 0 0 0 0 0 0 0 0 0 0 0 0 0 0 0 0 0 0 0 0 0 0 0 0 0 0 0 0 0 0 0 0 0 0 0 0 0 0 0 0 0 0 0 0 0 0 0 0 0 0 0 0 0 0 0 0 0 0 0 0 0 0 0 0 0 0 0 0 0 0 0 0 0 0 0 0 0 0 0 0 2 0 0 249 165 0 0 1 0 0 0 0 0 0 0 0 0 0 0 2 0 0 0 0 0 14 0 2 0 0 0 160 0 0 0 255 255 255 255 7 0 1 0 0 0 0 0 data 20 0x10007 0x14be 0x30 0x1 0x50002 0x1 0xa0005 0x9e 0x1bc40910 0x1420 0x0 0x0 0x150002 0x14be 0x230005 0x9e 0x1bc40910 0x1420 0x0 0x0 oops 2 8 java/lang/String 16 java/lang/String
ciMethodData java/lang/String lastIndexOf (II)I 2 59517 orig 264 72 34 212 119 0 0 0 0 32 84 54 27 0 0 0 0 240 1 0 0 32 0 0 0 0 0 0 0 0 0 0 0 0 0 0 0 0 0 0 0 0 0 0 0 0 0 0 0 0 0 0 0 0 0 0 0 0 0 0 0 0 0 0 0 0 0 0 0 0 0 0 0 0 0 0 0 0 0 0 0 77 68 79 32 101 120 116 114 97 32 100 97 116 97 32 108 111 99 107 0 0 0 0 0 0 0 0 0 0 0 0 0 0 0 0 0 0 0 0 0 0 0 0 0 0 0 0 0 0 0 0 0 0 0 0 0 0 0 0 0 0 0 0 0 0 0 0 0 0 0 0 0 0 0 0 0 0 0 0 0 0 0 0 0 0 0 0 0 0 0 0 0 0 0 0 0 0 0 0 0 0 0 0 0 0 0 0 0 0 0 0 0 0 0 0 0 0 0 0 0 0 0 0 0 0 0 0 0 0 0 0 0 0 0 0 0 0 72 0 0 249 31 0 0 233 3 5 0 0 0 0 0 0 0 0 0 2 0 0 0 1 0 14 0 2 0 0 0 152 0 0 0 255 255 255 255 7 0 3 0 0 0 0 0 data 19 0x30007 0x0 0x88 0x3ff 0x100002 0x3ff 0x170007 0x15c 0x58 0xa2fa 0x1f0007 0xa057 0x20 0x2a3 0x280003 0xa057 0xffffffffffffffc0 0x300002 0x0 oops 0
ciMethodData java/lang/StringBuilder <init> ()V 2 30461 orig 264 72 34 212 119 0 0 0 0 248 147 61 27 0 0 0 0 48 1 0 0 0 0 0 0 0 0 0 0 0 0 0 0 0 0 0 0 0 0 0 0 0 0 0 0 0 0 0 0 0 0 0 0 0 0 0 0 0 0 0 0 0 0 0 0 0 0 0 0 0 0 0 0 0 0 0 0 0 0 0 0 77 68 79 32 101 120 116 114 97 32 100 97 116 97 32 108 111 99 107 0 0 0 0 0 0 0 0 0 0 0 0 0 0 0 0 0 0 0 0 0 0 0 0 0 0 0 0 0 0 0 0 0 0 0 0 0 0 0 0 0 0 0 0 0 0 0 0 0 0 0 0 0 0 0 0 0 0 0 0 0 0 0 0 0 0 0 0 0 0 0 0 0 0 0 0 0 0 0 0 0 0 0 0 0 0 0 0 0 0 0 0 0 0 0 0 0 0 0 0 0 0 0 0 0 0 0 0 0 0 0 0 0 0 0 0 0 64 1 0 0 233 173 3 0 1 0 0 0 0 0 0 0 0 0 0 0 2 0 0 0 0 0 3 0 2 0 0 0 16 0 0 0 255 255 255 255 2 0 3 0 0 0 0 0 data 2 0x30002 0x75bd oops 0
ciMethodData java/lang/StringBuilder toString ()Ljava/lang/String; 2 31578 orig 264 72 34 212 119 0 0 0 0 192 170 61 27 0 0 0 0 48 1 0 0 0 0 0 0 0 0 0 0 0 0 0 0 0 0 0 0 0 0 0 0 0 0 0 0 0 0 0 0 0 0 0 0 0 0 0 0 0 0 0 0 0 0 0 0 0 0 0 0 0 0 0 0 0 0 0 0 0 0 0 0 77 68 79 32 101 120 116 114 97 32 100 97 116 97 32 108 111 99 107 0 0 0 0 0 0 0 0 0 0 0 0 0 0 0 0 0 0 0 0 0 0 0 0 0 0 0 0 0 0 0 0 0 0 0 0 0 0 0 0 0 0 0 0 0 0 0 0 0 0 0 0 0 0 0 0 0 0 0 0 0 0 0 0 0 0 0 0 0 0 0 0 0 0 0 0 0 0 0 0 0 0 0 0 0 0 0 0 0 0 0 0 0 0 0 0 0 0 0 0 0 0 0 0 0 0 0 0 0 0 0 0 0 0 0 0 0 64 1 0 0 209 208 3 0 1 0 0 0 0 0 0 0 0 0 0 0 2 0 0 0 0 0 3 0 2 0 0 0 16 0 0 0 255 255 255 255 2 0 13 0 0 0 0 0 data 2 0xd0002 0x7a1a oops 0
ciMethodData java/lang/AbstractStringBuilder newCapacity (I)I 2 5490 orig 264 72 34 212 119 0 0 0 0 240 87 61 27 0 0 0 0 176 1 0 0 64 0 0 0 0 0 0 0 0 0 0 0 0 0 0 0 0 0 0 0 0 0 0 0 0 0 0 0 0 0 0 0 0 0 0 0 0 0 0 0 0 0 0 0 0 0 0 0 0 0 0 0 0 0 0 0 0 0 0 0 77 68 79 32 101 120 116 114 97 32 100 97 116 97 32 108 111 99 107 0 0 0 0 0 0 0 0 0 0 0 0 0 0 0 0 0 0 0 0 0 0 0 0 0 0 0 0 0 0 0 0 0 0 0 0 0 0 0 0 0 0 0 0 0 0 0 0 0 0 0 0 0 0 0 0 0 0 0 0 0 0 0 0 0 0 0 0 0 0 0 0 0 0 0 0 0 0 0 0 0 0 0 0 0 0 0 0 0 0 0 0 0 0 0 0 0 0 0 0 0 0 0 0 0 0 0 0 0 0 0 0 0 0 0 0 0 109 1 0 0 41 160 0 0 1 0 0 0 0 0 0 0 0 0 0 0 2 0 0 0 0 0 18 0 2 0 0 0 136 0 0 0 255 255 255 255 7 0 13 0 0 0 0 0 data 17 0xd0007 0xce9 0x20 0x71c 0x130007 0x0 0x40 0x1405 0x1a0007 0x1405 0x48 0x0 0x1f0002 0x0 0x220003 0x0 0x18 oops 0
ciMethodData java/util/Arrays copyOf ([CI)[C 2 17027 orig 264 72 34 212 119 0 0 0 0 144 174 71 27 0 0 0 0 112 1 0 0 0 0 0 0 0 0 0 0 0 0 0 0 0 0 0 0 0 0 0 0 0 0 0 0 0 0 0 0 0 0 0 0 0 0 0 0 0 0 0 0 0 0 0 0 0 0 0 0 0 0 0 0 0 0 0 0 0 0 0 0 77 68 79 32 101 120 116 114 97 32 100 97 116 97 32 108 111 99 107 0 0 0 0 0 0 0 0 0 0 0 0 0 0 0 0 0 0 0 0 0 0 0 0 0 0 0 0 0 0 0 0 0 0 0 0 0 0 0 0 0 0 0 0 0 0 0 0 0 0 0 0 0 0 0 0 0 0 0 0 0 0 0 0 0 0 0 0 0 0 0 0 0 0 0 0 0 0 0 0 0 0 0 0 0 0 0 0 0 0 0 0 0 0 0 0 0 0 0 0 0 0 0 0 0 0 0 0 0 0 0 0 0 0 0 0 0 140 1 0 0 185 7 2 0 1 0 0 0 0 0 0 0 0 0 0 0 2 0 0 0 0 0 7 0 2 0 0 0 32 0 0 0 255 255 255 255 2 0 11 0 0 0 0 0 data 4 0xb0002 0x40f7 0xe0002 0x40f7 oops 0
ciMethodData java/lang/String startsWith (Ljava/lang/String;I)Z 2 16910 orig 264 72 34 212 119 0 0 0 0 72 78 54 27 0 0 0 0 176 1 0 0 32 0 0 0 0 0 0 0 0 0 0 0 0 0 0 0 0 0 0 0 0 0 0 0 0 0 0 0 0 0 0 0 0 0 0 0 0 0 0 0 0 0 0 0 0 0 0 0 0 0 0 0 0 0 0 0 0 0 0 0 77 68 79 32 101 120 116 114 97 32 100 97 116 97 32 108 111 99 107 0 0 0 0 0 0 0 0 0 0 0 0 0 0 0 0 0 0 0 0 0 0 0 0 0 0 0 0 0 0 0 0 0 0 0 0 0 0 0 0 0 0 0 0 0 0 0 0 0 0 0 0 0 0 0 0 0 0 0 0 0 0 0 0 0 0 0 0 0 0 0 0 0 0 0 0 0 0 0 0 0 0 0 0 0 0 0 0 0 0 0 0 0 0 0 0 0 0 0 0 0 0 0 0 0 0 0 0 0 0 0 0 0 0 0 0 0 0 2 0 0 225 43 1 0 241 13 2 0 0 0 0 0 0 0 0 0 2 0 0 0 1 0 13 0 2 0 0 0 128 0 0 0 255 255 255 255 7 0 25 0 0 0 0 0 data 16 0x190007 0xa 0x40 0x2572 0x250007 0x214e 0x20 0x424 0x2f0007 0x39e 0x40 0x41cc 0x410007 0x241c 0xffffffffffffffe0 0x1db0 oops 0
ciMethodData java/lang/String lastIndexOf (I)I 2 30354 orig 264 72 34 212 119 0 0 0 0 80 83 54 27 0 0 0 0 128 1 0 0 0 0 0 0 0 0 0 0 0 0 0 0 0 0 0 0 0 0 0 0 0 0 0 0 0 0 0 0 0 0 0 0 0 0 0 0 0 0 0 0 0 0 0 0 0 0 0 0 0 0 0 0 0 0 0 0 0 0 0 0 77 68 79 32 101 120 116 114 97 32 100 97 116 97 32 108 111 99 107 0 0 0 0 0 0 0 0 0 0 0 0 0 0 0 0 0 0 0 0 0 0 0 0 0 0 0 0 0 0 0 0 0 0 0 0 0 0 0 0 0 0 0 0 0 0 0 0 0 0 0 0 0 0 0 0 0 0 0 0 0 0 0 0 0 0 0 0 0 0 0 0 0 0 0 0 0 0 0 0 0 0 0 0 0 0 0 0 0 0 0 0 0 0 0 0 0 0 0 0 0 0 0 0 0 0 0 0 0 0 0 0 0 0 0 0 0 5 1 0 0 105 172 3 0 1 0 0 0 0 0 0 0 0 0 0 0 2 0 0 0 0 0 3 0 2 0 0 0 48 0 0 0 255 255 255 255 5 0 9 0 0 0 0 0 data 6 0x90005 0x0 0x1bc40910 0x758c 0x0 0x0 oops 1 2 java/lang/String
ciMethodData java/lang/String startsWith (Ljava/lang/String;)Z 2 44743 orig 264 72 34 212 119 0 0 0 0 224 78 54 27 0 0 0 0 128 1 0 0 0 0 0 0 0 0 0 0 0 0 0 0 0 0 0 0 0 0 0 0 0 0 0 0 0 0 0 0 0 0 0 0 0 0 0 0 0 0 0 0 0 0 0 0 0 0 0 0 0 0 0 0 0 0 0 0 0 0 0 0 77 68 79 32 101 120 116 114 97 32 100 97 116 97 32 108 111 99 107 0 0 0 0 0 0 0 0 0 0 0 0 0 0 0 0 0 0 0 0 0 0 0 0 0 0 0 0 0 0 0 0 0 0 0 0 0 0 0 0 0 0 0 0 0 0 0 0 0 0 0 0 0 0 0 0 0 0 0 0 0 0 0 0 0 0 0 0 0 0 0 0 0 0 0 0 0 0 0 0 0 0 0 0 0 0 0 0 0 0 0 0 0 0 0 0 0 0 0 0 0 0 0 0 0 0 0 0 0 0 0 0 0 0 0 0 0 0 2 0 0 57 102 5 0 1 0 0 0 0 0 0 0 0 0 0 0 2 0 0 0 0 0 3 0 2 0 0 0 48 0 0 0 255 255 255 255 5 0 3 0 0 0 0 0 data 6 0x30005 0x4d 0x1bc40910 0xac7a 0x0 0x0 oops 1 2 java/lang/String
ciMethod java/util/regex/Pattern compile (Ljava/lang/String;)Ljava/util/regex/Pattern; 2049 1 6443 0 0
ciMethod java/util/regex/Pattern matcher (Ljava/lang/CharSequence;)Ljava/util/regex/Matcher; 4097 1 5360 0 0
ciMethod java/util/regex/Pattern <init> (Ljava/lang/String;I)V 2129 1 5390 0 320
ciMethod java/util/regex/Pattern compile ()V 273 4889 745 0 -1
ciMethod java/util/regex/Pattern$Node match (Ljava/util/regex/Matcher;ILjava/lang/CharSequence;)Z 2049 1 1288 0 -1
ciMethod java/util/regex/Pattern$BmpCharProperty match (Ljava/util/regex/Matcher;ILjava/lang/CharSequence;)Z 4097 1 17025 0 704
ciMethod java/util/regex/Pattern$CharProperty isSatisfiedBy (I)Z 0 0 1 0 -1
ciMethod java/util/regex/Pattern$Slice match (Ljava/util/regex/Matcher;ILjava/lang/CharSequence;)Z 2137 2369 4822 0 3840
ciMethod java/util/regex/Pattern$Begin match (Ljava/util/regex/Matcher;ILjava/lang/CharSequence;)Z 2049 1 4333 0 0
ciMethod java/util/regex/Pattern$Start <init> (Ljava/util/regex/Pattern$Node;)V 1153 1 188 0 -1
ciMethod java/util/regex/Pattern$Start match (Ljava/util/regex/Matcher;ILjava/lang/CharSequence;)Z 1689 32769 1102 0 0
ciMethod java/util/regex/ASCII isType (II)Z 4097 1 5235 0 -1
ciMethod java/util/regex/Pattern$GroupTail match (Ljava/util/regex/Matcher;ILjava/lang/CharSequence;)Z 2249 1 1067 0 0
ciMethod java/util/regex/Pattern$Ctype isSatisfiedBy (I)Z 4097 1 5225 0 0
ciMethod java/util/regex/Pattern$Curly match (Ljava/util/regex/Matcher;ILjava/lang/CharSequence;)Z 4097 121 8752 0 0
ciMethod java/util/regex/Pattern$Curly match0 (Ljava/util/regex/Matcher;IILjava/lang/CharSequence;)Z 217 537 698 0 960
ciMethod java/util/regex/Pattern$Curly match1 (Ljava/util/regex/Matcher;IILjava/lang/CharSequence;)Z 0 0 1 0 -1
ciMethod java/util/regex/Pattern$Curly match2 (Ljava/util/regex/Matcher;IILjava/lang/CharSequence;)Z 0 0 1 0 -1
ciMethod java/util/regex/Matcher <init> (Ljava/util/regex/Pattern;Ljava/lang/CharSequence;)V 4097 1 5360 0 0
ciMethod java/util/regex/Matcher reset ()Ljava/util/regex/Matcher; 1113 22561 918 0 416
ciMethod java/util/regex/Matcher group ()Ljava/lang/String; 1777 1 2746 0 0
ciMethod java/util/regex/Matcher group (I)Ljava/lang/String; 3081 1 3928 0 0
ciMethod java/util/regex/Matcher groupCount ()I 2073 1 3940 0 0
ciMethod java/util/regex/Matcher find ()Z 2265 1 5402 0 0
ciMethod java/util/regex/Matcher search (I)Z 1289 25761 1205 0 1024
ciMethod java/util/regex/Matcher getTextLength ()I 1121 1 1991 0 0
ciMethod java/util/regex/Matcher getSubSequence (II)Ljava/lang/CharSequence; 1577 1 3240 0 0
ciMethodData java/lang/String substring (I)Ljava/lang/String; 2 5225 orig 264 72 34 212 119 0 0 0 0 32 92 54 27 0 0 0 0 208 1 0 0 128 0 0 0 0 0 0 0 0 0 0 0 0 0 0 0 0 0 0 0 0 0 0 0 0 0 0 0 0 0 0 0 0 0 0 0 0 0 0 0 0 0 0 0 0 0 0 0 0 0 0 0 0 0 0 0 0 0 0 0 77 68 79 32 101 120 116 114 97 32 100 97 116 97 32 108 111 99 107 0 0 0 0 0 0 0 0 0 0 0 0 0 0 0 0 0 0 0 0 0 0 0 0 0 0 0 0 0 0 0 0 0 0 0 0 0 0 0 0 0 0 0 0 0 0 0 0 0 0 0 0 0 0 0 0 0 0 0 0 0 0 0 0 0 0 0 0 0 0 0 0 0 0 0 0 0 0 0 0 0 0 0 0 0 0 0 0 0 0 0 0 0 0 0 0 0 0 0 0 0 0 0 0 0 0 0 0 0 0 0 0 0 0 0 0 0 73 0 0 0 1 161 0 0 1 0 0 0 0 0 0 0 0 0 0 0 2 0 0 0 0 0 10 0 2 0 0 0 168 0 0 0 255 255 255 255 7 0 1 0 0 0 0 0 data 21 0x10007 0x141f 0x30 0x0 0x90002 0x0 0x160007 0x141f 0x30 0x0 0x1e0002 0x0 0x230007 0x1415 0x38 0xa 0x270003 0xa 0x28 0x340002 0x1415 oops 0
ciMethod scala/Function1 apply (Ljava/lang/Object;)Ljava/lang/Object; 0 0 1 0 -1
ciMethod org/apache/spark/util/Utils$ org$apache$spark$util$Utils$$sparkInternalExclusionFunction (Ljava/lang/String;)Z 2057 1 3057 0 0
ciMethod scala/Option isEmpty ()Z 0 0 1 0 -1
ciMethod scala/Option isDefined ()Z 2081 1 6628 0 0
ciMethod scala/Option <init> ()V 2457 1 9923 0 0
ciMethod scala/None$ isEmpty ()Z 1041 1 130 0 0
ciMethod scala/Some isEmpty ()Z 1033 1 129 0 0
ciMethod scala/Some <init> (Ljava/lang/Object;)V 2449 1 9878 0 0
ciMethod scala/collection/GenTraversableOnce$class $init$ (Lscala/collection/GenTraversableOnce;)V 3201 1 14307 0 0
ciMethod scala/collection/TraversableOnce$class $init$ (Lscala/collection/TraversableOnce;)V 3201 1 14307 0 0
ciMethod scala/collection/Parallelizable$class $init$ (Lscala/collection/Parallelizable;)V 3177 1 13094 0 0
ciMethod scala/collection/TraversableLike$class $init$ (Lscala/collection/TraversableLike;)V 3177 1 13094 0 0
ciMethod scala/collection/IterableLike$class $init$ (Lscala/collection/IterableLike;)V 3177 1 27144 0 0
ciMethod scala/Product$class $init$ (Lscala/Product;)V 3249 1 17761 0 0
ciMethod scala/collection/mutable/ResizableArray array ()[Ljava/lang/Object; 0 0 1 0 -1
ciMethod scala/collection/mutable/ResizableArray array_$eq ([Ljava/lang/Object;)V 0 0 1 0 -1
ciMethod scala/collection/mutable/ResizableArray size0 ()I 0 0 1 0 -1
ciMethod scala/collection/mutable/ArrayBuffer array ()[Ljava/lang/Object; 1081 1 135 0 0
ciMethod scala/collection/mutable/ArrayBuffer array_$eq ([Ljava/lang/Object;)V 169 1 1818 0 0
ciMethod scala/collection/mutable/ArrayBuffer size0 ()I 1081 1 135 0 0
ciMethod scala/collection/mutable/ArrayBuffer size0_$eq (I)V 3153 1 9022 0 0
ciMethod scala/collection/mutable/ArrayBuffer update (ILjava/lang/Object;)V 3201 1 2740 0 0
ciMethod scala/collection/mutable/ArrayBuffer ensureSize (I)V 2329 1 5921 0 0
ciMethod scala/collection/mutable/ArrayBuffer $plus$eq (Ljava/lang/Object;)Lscala/collection/mutable/ArrayBuffer; 3105 1 5575 0 800
ciMethod scala/collection/GenSeqLike$class $init$ (Lscala/collection/GenSeqLike;)V 2049 1 17656 0 0
ciMethod scala/collection/SeqLike$class $init$ (Lscala/collection/SeqLike;)V 2049 1 17656 0 0
ciMethod scala/collection/IndexedSeqLike$class $init$ (Lscala/collection/IndexedSeqLike;)V 2049 1 12199 0 0
ciMethod scala/collection/IndexedSeqOptimized$class $init$ (Lscala/collection/IndexedSeqOptimized;)V 2049 1 11534 0 0
ciMethod scala/collection/mutable/ResizableArray$class update (Lscala/collection/mutable/ResizableArray;ILjava/lang/Object;)V 3201 1 2754 0 0
ciMethod scala/collection/mutable/ResizableArray$class ensureSize (Lscala/collection/mutable/ResizableArray;I)V 2329 1 5921 0 0
ciMethod scala/Predef$ augmentString (Ljava/lang/String;)Ljava/lang/String; 2097 1 6606 0 0
ciMethod scala/runtime/BoxesRunTime boxToBoolean (Z)Ljava/lang/Boolean; 1673 1 10876 0 64
ciMethod scala/runtime/BoxesRunTime unboxToBoolean (Ljava/lang/Object;)Z 4097 1 12865 0 96
ciMethod scala/collection/immutable/StringLike r (Lscala/collection/Seq;)Lscala/util/matching/Regex; 0 0 1 0 -1
ciMethod scala/math/Ordered$class $init$ (Lscala/math/Ordered;)V 2137 1 7224 0 0
ciMethod scala/collection/immutable/StringLike$class r (Lscala/collection/immutable/StringLike;)Lscala/util/matching/Regex; 2201 1 6123 0 0
ciMethod scala/collection/immutable/StringLike$class r (Lscala/collection/immutable/StringLike;Lscala/collection/Seq;)Lscala/util/matching/Regex; 2201 1 6123 0 0
ciMethod scala/collection/immutable/StringLike$class $init$ (Lscala/collection/immutable/StringLike;)V 3089 1 7024 0 0
ciMethod scala/collection/immutable/StringOps r ()Lscala/util/matching/Regex; 2201 1 6123 0 0
ciMethod scala/collection/immutable/StringOps r (Lscala/collection/Seq;)Lscala/util/matching/Regex; 2201 1 6123 0 0
ciMethod scala/collection/immutable/StringOps repr ()Ljava/lang/String; 4345 1 543 0 0
ciMethod scala/collection/immutable/StringOps toString ()Ljava/lang/String; 2153 1 6683 0 0
ciMethod scala/collection/immutable/StringOps <init> (Ljava/lang/String;)V 2065 1 5415 0 64
ciMethod scala/util/matching/Regex pattern ()Ljava/util/regex/Pattern; 1033 1 129 0 0
ciMethod scala/util/matching/Regex findFirstIn (Ljava/lang/CharSequence;)Lscala/Option; 2081 1 3374 0 0
ciMethod scala/util/matching/Regex <init> (Ljava/lang/String;Lscala/collection/Seq;)V 2209 1 5428 0 576
ciMethod scala/collection/immutable/StringOps$ toString$extension (Ljava/lang/String;)Ljava/lang/String; 2185 1 6683 0 0
ciMethodData scala/collection/IterableLike$class $init$ (Lscala/collection/IterableLike;)V 2 27144 orig 264 72 34 212 119 0 0 0 0 96 37 132 27 0 0 0 0 32 1 0 0 0 0 0 0 0 0 0 0 0 0 0 0 0 0 0 0 0 0 0 0 0 0 0 0 0 0 0 0 0 0 0 0 0 0 0 0 0 0 0 0 0 0 0 0 0 0 0 0 0 0 0 0 0 0 0 0 0 0 0 0 77 68 79 32 101 120 116 114 97 32 100 97 116 97 32 108 111 99 107 0 0 0 0 0 0 0 0 0 0 0 0 0 0 0 0 0 0 0 0 0 0 0 0 0 0 0 0 0 0 0 0 0 0 0 0 0 0 0 0 0 0 0 0 0 0 0 0 0 0 0 0 0 0 0 0 0 0 0 0 0 0 0 0 0 0 0 0 0 0 0 0 0 0 0 0 0 0 0 0 0 0 0 0 0 0 0 0 0 0 0 0 0 0 0 0 0 0 0 0 0 0 0 0 0 0 0 0 0 0 0 0 0 0 0 0 0 141 1 0 0 217 67 3 0 1 0 0 0 0 0 0 0 0 0 0 0 2 0 0 0 0 0 3 0 1 0 0 0 0 0 0 0 255 255 255 255 0 0 0 0 0 0 0 0 data 0 oops 0
ciMethodData scala/collection/GenTraversableOnce$class $init$ (Lscala/collection/GenTraversableOnce;)V 2 14307 orig 264 72 34 212 119 0 0 0 0 40 7 131 27 0 0 0 0 32 1 0 0 0 0 0 0 0 0 0 0 0 0 0 0 0 0 0 0 0 0 0 0 0 0 0 0 0 0 0 0 0 0 0 0 0 0 0 0 0 0 0 0 0 0 0 0 0 0 0 0 0 0 0 0 0 0 0 0 0 0 0 0 77 68 79 32 101 120 116 114 97 32 100 97 116 97 32 108 111 99 107 0 0 0 0 0 0 0 0 0 0 0 0 0 0 0 0 0 0 0 0 0 0 0 0 0 0 0 0 0 0 0 0 0 0 0 0 0 0 0 0 0 0 0 0 0 0 0 0 0 0 0 0 0 0 0 0 0 0 0 0 0 0 0 0 0 0 0 0 0 0 0 0 0 0 0 0 0 0 0 0 0 0 0 0 0 0 0 0 0 0 0 0 0 0 0 0 0 0 0 0 0 0 0 0 0 0 0 0 0 0 0 0 0 0 0 0 0 144 1 0 0 153 178 1 0 1 0 0 0 0 0 0 0 0 0 0 0 2 0 0 0 0 0 3 0 1 0 0 0 0 0 0 0 255 255 255 255 0 0 0 0 0 0 0 0 data 0 oops 0
ciMethodData scala/collection/TraversableOnce$class $init$ (Lscala/collection/TraversableOnce;)V 2 14307 orig 264 72 34 212 119 0 0 0 0 232 59 131 27 0 0 0 0 32 1 0 0 0 0 0 0 0 0 0 0 0 0 0 0 0 0 0 0 0 0 0 0 0 0 0 0 0 0 0 0 0 0 0 0 0 0 0 0 0 0 0 0 0 0 0 0 0 0 0 0 0 0 0 0 0 0 0 0 0 0 0 0 77 68 79 32 101 120 116 114 97 32 100 97 116 97 32 108 111 99 107 0 0 0 0 0 0 0 0 0 0 0 0 0 0 0 0 0 0 0 0 0 0 0 0 0 0 0 0 0 0 0 0 0 0 0 0 0 0 0 0 0 0 0 0 0 0 0 0 0 0 0 0 0 0 0 0 0 0 0 0 0 0 0 0 0 0 0 0 0 0 0 0 0 0 0 0 0 0 0 0 0 0 0 0 0 0 0 0 0 0 0 0 0 0 0 0 0 0 0 0 0 0 0 0 0 0 0 0 0 0 0 0 0 0 0 0 0 144 1 0 0 153 178 1 0 1 0 0 0 0 0 0 0 0 0 0 0 2 0 0 0 0 0 3 0 1 0 0 0 0 0 0 0 255 255 255 255 0 0 0 0 0 0 0 0 data 0 oops 0
ciMethodData scala/collection/Parallelizable$class $init$ (Lscala/collection/Parallelizable;)V 2 13094 orig 264 72 34 212 119 0 0 0 0 152 77 131 27 0 0 0 0 32 1 0 0 0 0 0 0 0 0 0 0 0 0 0 0 0 0 0 0 0 0 0 0 0 0 0 0 0 0 0 0 0 0 0 0 0 0 0 0 0 0 0 0 0 0 0 0 0 0 0 0 0 0 0 0 0 0 0 0 0 0 0 0 77 68 79 32 101 120 116 114 97 32 100 97 116 97 32 108 111 99 107 0 0 0 0 0 0 0 0 0 0 0 0 0 0 0 0 0 0 0 0 0 0 0 0 0 0 0 0 0 0 0 0 0 0 0 0 0 0 0 0 0 0 0 0 0 0 0 0 0 0 0 0 0 0 0 0 0 0 0 0 0 0 0 0 0 0 0 0 0 0 0 0 0 0 0 0 0 0 0 0 0 0 0 0 0 0 0 0 0 0 0 0 0 0 0 0 0 0 0 0 0 0 0 0 0 0 0 0 0 0 0 0 0 0 0 0 0 141 1 0 0 201 140 1 0 1 0 0 0 0 0 0 0 0 0 0 0 2 0 0 0 0 0 3 0 1 0 0 0 0 0 0 0 255 255 255 255 0 0 0 0 0 0 0 0 data 0 oops 0
ciMethodData scala/collection/TraversableLike$class $init$ (Lscala/collection/TraversableLike;)V 2 13094 orig 264 72 34 212 119 0 0 0 0 16 152 131 27 0 0 0 0 32 1 0 0 0 0 0 0 0 0 0 0 0 0 0 0 0 0 0 0 0 0 0 0 0 0 0 0 0 0 0 0 0 0 0 0 0 0 0 0 0 0 0 0 0 0 0 0 0 0 0 0 0 0 0 0 0 0 0 0 0 0 0 0 77 68 79 32 101 120 116 114 97 32 100 97 116 97 32 108 111 99 107 0 0 0 0 0 0 0 0 0 0 0 0 0 0 0 0 0 0 0 0 0 0 0 0 0 0 0 0 0 0 0 0 0 0 0 0 0 0 0 0 0 0 0 0 0 0 0 0 0 0 0 0 0 0 0 0 0 0 0 0 0 0 0 0 0 0 0 0 0 0 0 0 0 0 0 0 0 0 0 0 0 0 0 0 0 0 0 0 0 0 0 0 0 0 0 0 0 0 0 0 0 0 0 0 0 0 0 0 0 0 0 0 0 0 0 0 0 141 1 0 0 201 140 1 0 1 0 0 0 0 0 0 0 0 0 0 0 2 0 0 0 0 0 3 0 1 0 0 0 0 0 0 0 255 255 255 255 0 0 0 0 0 0 0 0 data 0 oops 0
ciMethod org/apache/spark/util/Utils$$anonfun$getCallSite$default$1$1 apply (Ljava/lang/String;)Z 2057 1 3057 0 0
ciMethod org/apache/spark/util/Utils$$anonfun$getCallSite$default$1$1 apply (Ljava/lang/Object;)Ljava/lang/Object; 2057 1 3057 0 0
ciMethod org/apache/spark/util/Utils$$anonfun$getCallSite$1 apply (Ljava/lang/StackTraceElement;)Ljava/lang/Object; 3273 1 5530 0 0
ciMethod org/apache/spark/util/Utils$$anonfun$getCallSite$1 apply (Ljava/lang/Object;)Ljava/lang/Object; 3209 1 5530 0 -1
ciMethodData java/lang/Boolean valueOf (Z)Ljava/lang/Boolean; 2 12639 orig 264 72 34 212 119 0 0 0 0 224 124 63 27 0 0 0 0 88 1 0 0 0 0 0 0 0 0 0 0 0 0 0 0 0 0 0 0 0 0 0 0 0 0 0 0 0 0 0 0 0 0 0 0 0 0 0 0 0 0 0 0 0 0 0 0 0 0 0 0 0 0 0 0 0 0 0 0 0 0 0 0 77 68 79 32 101 120 116 114 97 32 100 97 116 97 32 108 111 99 107 0 0 0 0 0 0 0 0 0 0 0 0 0 0 0 0 0 0 0 0 0 0 0 0 0 0 0 0 0 0 0 0 0 0 0 0 0 0 0 0 0 0 0 0 0 0 0 0 0 0 0 0 0 0 0 0 0 0 0 0 0 0 0 0 0 0 0 0 0 0 0 0 0 0 0 0 0 0 0 0 0 0 0 0 0 0 0 0 0 0 0 0 0 0 0 0 0 0 0 0 0 0 0 0 0 0 0 0 0 0 0 0 0 0 0 0 0 0 2 0 0 249 122 1 0 1 0 0 0 0 0 0 0 0 0 0 0 2 0 0 0 0 0 6 0 2 0 0 0 56 0 0 0 255 255 255 255 7 0 1 0 0 0 0 0 data 7 0x10007 0x12d9 0x38 0x1c86 0x70003 0x1c86 0x18 oops 0
ciMethodData scala/Product$class $init$ (Lscala/Product;)V 2 17761 orig 264 72 34 212 119 0 0 0 0 224 50 133 27 0 0 0 0 32 1 0 0 0 0 0 0 0 0 0 0 0 0 0 0 0 0 0 0 0 0 0 0 0 0 0 0 0 0 0 0 0 0 0 0 0 0 0 0 0 0 0 0 0 0 0 0 0 0 0 0 0 0 0 0 0 0 0 0 0 0 0 0 77 68 79 32 101 120 116 114 97 32 100 97 116 97 32 108 111 99 107 0 0 0 0 0 0 0 0 0 0 0 0 0 0 0 0 0 0 0 0 0 0 0 0 0 0 0 0 0 0 0 0 0 0 0 0 0 0 0 0 0 0 0 0 0 0 0 0 0 0 0 0 0 0 0 0 0 0 0 0 0 0 0 0 0 0 0 0 0 0 0 0 0 0 0 0 0 0 0 0 0 0 0 0 0 0 0 0 0 0 0 0 0 0 0 0 0 0 0 0 0 0 0 0 0 0 0 0 0 0 0 0 0 0 0 0 0 150 1 0 0 89 30 2 0 1 0 0 0 0 0 0 0 0 0 0 0 2 0 0 0 0 0 3 0 1 0 0 0 0 0 0 0 255 255 255 255 0 0 0 0 0 0 0 0 data 0 oops 0
ciMethodData java/util/regex/Pattern$BmpCharProperty match (Ljava/util/regex/Matcher;ILjava/lang/CharSequence;)Z 2 17025 orig 264 72 34 212 119 0 0 0 0 80 169 97 27 0 0 0 0 104 2 0 0 80 0 0 0 0 0 0 0 0 0 0 0 0 0 0 0 0 0 0 0 0 0 0 0 0 0 0 0 0 0 0 0 0 0 0 0 0 0 0 0 0 0 0 0 0 0 0 0 0 0 0 0 0 0 0 0 0 0 0 0 77 68 79 32 101 120 116 114 97 32 100 97 116 97 32 108 111 99 107 0 0 0 0 0 0 0 0 0 0 0 0 0 0 0 0 0 0 0 0 0 0 0 0 0 0 0 0 0 0 0 0 0 0 0 0 0 0 0 0 0 0 0 0 0 2 0 0 0 0 0 0 0 0 0 0 0 0 0 0 0 0 0 0 0 0 0 0 6 0 0 0 0 0 0 0 0 0 0 0 0 0 0 0 0 0 0 0 0 0 0 0 0 0 0 0 0 0 0 0 0 0 0 0 0 0 0 0 0 0 0 0 0 0 0 0 0 0 2 0 0 9 4 2 0 1 0 0 0 21 40 0 0 0 0 0 0 2 0 0 0 0 0 11 0 2 0 0 0 8 1 0 0 255 255 255 255 7 0 5 0 0 0 0 0 data 33 0x50007 0x71 0x108 0x4010 0xb0005 0x0 0x1bc40910 0x4010 0x0 0x0 0x10f005 0xaf 0x203dcc20 0x2bef 0x24893b10 0x1374 0x130007 0x3cc6 0x88 0x34d 0x1ff005 0x28e 0x203dccd0 0x41 0x24944680 0x82 0x220007 0x24 0x38 0x32d 0x260003 0x32d 0x18 oops 5 6 java/lang/String 12 java/util/regex/Pattern$Single 14 java/util/regex/Pattern$Ctype 22 java/util/regex/Pattern$BranchConn 24 java/util/regex/Pattern$Node
ciMethodData java/util/regex/Matcher search (I)Z 2 24100 orig 264 72 34 212 119 0 0 0 0 24 11 99 27 0 0 0 0 72 2 0 0 88 0 0 0 0 0 0 0 0 0 0 0 0 0 0 0 0 0 0 0 0 0 0 0 0 0 0 0 0 0 0 0 0 0 0 0 0 0 0 0 0 0 0 0 0 0 0 0 0 0 0 0 0 0 0 0 0 0 0 0 77 68 79 32 101 120 116 114 97 32 100 97 116 97 32 108 111 99 107 0 0 0 0 0 0 0 0 0 0 0 0 0 0 0 0 0 0 0 0 0 0 0 0 0 0 0 0 0 0 0 0 0 0 0 0 0 0 0 0 0 0 0 0 0 0 0 0 0 0 0 0 0 0 0 0 0 0 0 0 0 0 0 0 0 0 0 0 0 0 0 0 0 0 0 0 0 0 0 0 0 0 0 0 0 0 0 0 0 0 0 0 0 0 0 0 0 0 0 0 0 0 0 0 0 0 0 0 0 0 0 0 0 0 0 0 0 128 12 0 0 161 32 0 0 129 140 2 0 0 0 0 0 0 0 0 0 2 0 0 0 1 0 15 0 2 0 0 0 248 0 0 0 255 255 255 255 7 0 11 0 0 0 0 0 data 31 0xb0007 0x414 0x38 0x0 0xf0003 0x0 0x18 0x1e0007 0xfc 0x38 0x318 0x220003 0x318 0x18 0x340007 0x414 0x38 0x5190 0x410003 0x5190 0xffffffffffffffe0 0x560005 0x0 0x24942c00 0x3b1 0x209f9f20 0x63 0x5b0007 0x188 0x20 0x28c oops 2 23 java/util/regex/Pattern$Start 25 java/util/regex/Pattern$Begin
ciMethodData java/util/regex/Matcher reset ()Ljava/util/regex/Matcher; 2 19261 orig 264 72 34 212 119 0 0 0 0 72 242 98 27 0 0 0 0 232 1 0 0 32 0 0 0 0 0 0 0 0 0 0 0 0 0 0 0 0 0 0 0 0 0 0 0 0 0 0 0 0 0 0 0 0 0 0 0 0 0 0 0 0 0 0 0 0 0 0 0 0 0 0 0 0 0 0 0 0 0 0 0 77 68 79 32 101 120 116 114 97 32 100 97 116 97 32 108 111 99 107 0 0 0 0 0 0 0 0 0 0 0 0 0 0 0 0 0 0 0 0 0 0 0 0 0 0 0 0 0 0 0 0 0 0 0 0 0 0 0 0 0 0 0 0 0 0 0 0 0 0 0 0 0 0 0 0 0 0 0 0 0 0 0 0 0 0 0 0 0 0 0 0 0 0 0 0 0 0 0 0 0 0 0 0 0 0 0 0 0 0 0 0 0 0 0 0 0 0 0 0 0 0 0 0 0 0 0 0 0 0 0 0 0 0 0 0 0 4 11 0 0 89 24 0 0 201 1 2 0 0 0 0 0 0 0 0 0 2 0 0 0 2 0 9 0 2 0 0 0 160 0 0 0 255 255 255 255 7 0 23 0 0 0 0 0 data 20 0x170007 0x30b 0x38 0x3ce2 0x240003 0x3ce2 0xffffffffffffffe0 0x2f0007 0x30b 0x38 0x357 0x3c0003 0x357 0xffffffffffffffe0 0x4b0005 0x0 0x24946100 0x30b 0x0 0x0 oops 1 16 java/util/regex/Matcher
ciMethodData java/util/regex/Matcher getTextLength ()I 2 1992 orig 264 72 34 212 119 0 0 0 0 192 12 99 27 0 0 0 0 120 1 0 0 0 0 0 0 0 0 0 0 0 0 0 0 0 0 0 0 0 0 0 0 0 0 0 0 0 0 0 0 0 0 0 0 0 0 0 0 0 0 0 0 0 0 0 0 0 0 0 0 0 0 0 0 0 0 0 0 0 0 0 0 77 68 79 32 101 120 116 114 97 32 100 97 116 97 32 108 111 99 107 0 0 0 0 0 0 0 0 0 0 0 0 0 0 0 0 0 0 0 0 0 0 0 0 0 0 0 0 0 0 0 0 0 0 0 0 0 0 0 0 0 0 0 0 0 0 0 0 0 0 0 0 0 0 0 0 0 0 0 0 0 0 0 0 0 0 0 0 0 0 0 0 0 0 0 0 0 0 0 0 0 0 0 0 0 0 0 0 0 0 0 0 0 0 0 0 0 0 0 0 0 0 0 0 0 0 0 0 0 0 0 0 0 0 0 0 0 140 0 0 0 225 57 0 0 1 0 0 0 0 0 0 0 0 0 0 0 2 0 0 0 0 0 3 0 2 0 0 0 48 0 0 0 255 255 255 255 5 0 4 0 0 0 0 0 data 6 0x40005 0x0 0x1bc40910 0x73c 0x0 0x0 oops 1 2 java/lang/String
ciMethodData java/util/regex/Pattern$Curly match (Ljava/util/regex/Matcher;ILjava/lang/CharSequence;)Z 2 8752 orig 264 72 34 212 119 0 0 0 0 8 173 98 27 0 0 0 0 208 2 0 0 32 0 0 0 0 0 0 0 0 0 0 0 0 0 0 0 0 0 0 0 0 0 0 0 0 0 0 0 0 0 0 0 0 0 0 0 0 0 0 0 0 0 0 0 0 0 0 0 0 0 0 0 0 0 0 0 0 0 0 0 77 68 79 32 101 120 116 114 97 32 100 97 116 97 32 108 111 99 107 0 0 0 0 0 0 0 0 0 0 0 0 0 0 0 0 0 0 0 0 0 0 0 0 0 0 0 0 0 0 0 0 0 0 0 0 0 0 0 0 0 0 0 0 0 1 0 0 0 0 0 0 0 0 0 0 0 0 0 0 0 0 0 0 0 2 0 0 0 0 0 0 0 0 0 0 0 0 0 0 0 0 0 0 0 0 0 0 0 0 0 0 0 0 0 0 0 0 0 0 0 0 0 0 0 0 0 0 0 0 0 0 0 0 0 0 0 0 2 0 0 129 1 1 0 129 6 0 0 117 25 0 0 9 0 0 0 2 0 0 0 1 0 13 0 2 0 0 0 112 1 0 0 255 255 255 255 7 0 9 0 0 0 0 0 data 46 0x90007 0x53c 0xa0 0x1bc4 0x134005 0x16 0x24893b10 0x1b1d 0x24893bc0 0x93 0x160007 0x1af7 0x38 0xd0 0x1e0003 0xd0 0x18 0x260003 0xd0 0xffffffffffffff78 0x2d0007 0x0 0x50 0x53c 0x360005 0xa 0x1d2622d0 0x532 0x0 0x0 0x3f0007 0x0 0x50 0x0 0x480005 0x0 0x0 0x0 0x0 0x0 0x520005 0x0 0x0 0x0 0x0 0x0 oops 3 6 java/util/regex/Pattern$Ctype 8 java/util/regex/Pattern$1 26 java/util/regex/Pattern$Curly
ciMethodData java/util/regex/Pattern$Start match (Ljava/util/regex/Matcher;ILjava/lang/CharSequence;)Z 2 12900 orig 264 72 34 212 119 0 0 0 0 96 203 97 27 0 0 0 0 8 2 0 0 0 0 0 0 0 0 0 0 0 0 0 0 0 0 0 0 0 0 0 0 0 0 0 0 0 0 0 0 0 0 0 0 0 0 0 0 0 0 0 0 0 0 0 0 0 0 0 0 0 0 0 0 0 0 0 0 0 0 0 0 77 68 79 32 101 120 116 114 97 32 100 97 116 97 32 108 111 99 107 0 0 0 0 0 0 0 0 0 0 0 0 0 0 0 0 0 0 0 0 0 0 0 0 0 0 0 0 0 0 0 0 0 0 0 0 0 0 0 0 0 0 0 0 0 0 0 0 0 0 0 0 0 0 0 0 0 0 0 0 0 0 0 0 0 0 0 0 0 0 0 0 0 0 0 0 0 0 0 0 0 0 0 0 0 0 0 0 0 0 0 0 0 0 0 0 0 0 0 0 0 0 0 0 0 0 0 0 0 0 0 0 0 0 0 0 0 0 16 0 0 217 27 0 0 33 19 1 0 0 0 0 0 0 0 0 0 2 0 0 0 1 0 10 0 2 0 0 0 168 0 0 0 255 255 255 255 7 0 10 0 0 0 0 0 data 21 0xa0007 0x364 0x20 0x17 0x220007 0x23b 0x88 0x1f6e 0x2c0005 0x1042 0x1d2622d0 0xe97 0x1d262220 0x95 0x2f0007 0x1e45 0x20 0x129 0x500003 0x1e45 0xffffffffffffff90 oops 2 10 java/util/regex/Pattern$Curly 12 java/util/regex/Pattern$Slice
ciMethodData java/util/regex/Pattern$Curly match0 (Ljava/util/regex/Matcher;IILjava/lang/CharSequence;)Z 2 24970 orig 264 72 34 212 119 0 0 0 0 96 174 98 27 0 0 0 0 8 4 0 0 208 1 0 0 0 0 0 0 0 0 0 0 0 0 0 0 0 0 0 0 0 0 0 0 0 0 0 0 0 0 0 0 0 0 0 0 0 0 0 0 0 0 0 0 0 0 0 0 0 0 0 0 0 0 0 0 0 0 0 0 77 68 79 32 101 120 116 114 97 32 100 97 116 97 32 108 111 99 107 0 0 0 0 0 0 0 0 0 0 0 0 0 0 0 0 0 0 0 0 0 0 0 0 0 0 0 0 0 0 0 0 0 0 0 0 0 0 0 0 0 0 0 0 0 0 0 0 0 0 0 0 0 0 0 0 0 0 0 0 0 0 0 0 0 0 0 0 0 0 0 0 0 0 0 0 0 0 0 0 0 0 0 0 0 0 0 0 0 0 0 0 0 0 0 0 0 0 0 0 0 0 0 0 0 0 0 0 0 0 0 0 0 0 0 0 0 67 0 0 0 249 20 0 0 57 10 3 0 0 0 0 0 0 0 0 0 2 0 0 0 2 0 24 0 2 0 0 0 160 2 0 0 255 255 255 255 7 0 5 0 0 0 0 0 data 84 0x50007 0x29d 0x50 0x2 0x100005 0x0 0x20393db0 0x2 0x0 0x0 0x1f0005 0x171 0x24893b10 0xa3 0x24893bc0 0x89 0x220007 0x14e 0x1f0 0x14f 0x2f0007 0x14f 0x38 0x0 0x320003 0x0 0x1b0 0x420007 0x0 0x110 0x3e98 0x4d0005 0x3e05 0x24893bc0 0x5e 0x20393e60 0x35 0x500007 0x3d49 0x38 0x14f 0x530003 0x14f 0xa0 0x5e0007 0x3d49 0x70 0x0 0x6c0005 0x0 0x0 0x0 0x0 0x0 0x6f0007 0x0 0x38 0x0 0x7c0003 0x3d49 0xffffffffffffff08 0x820007 0x11 0x88 0x253c 0x8d0005 0x24c0 0x20393db0 0x6d 0x20393f10 0xf 0x900007 0x23fe 0x20 0x13e 0x9d0003 0x23fe 0xffffffffffffff90 0xaa0005 0x72 0x20393f10 0x36 0x20393db0 0xa6 oops 9 6 java/util/regex/Pattern$GroupTail 12 java/util/regex/Pattern$Ctype 14 java/util/regex/Pattern$1 33 java/util/regex/Pattern$1 35 java/util/regex/Pattern$5 67 java/util/regex/Pattern$GroupTail 69 java/util/regex/Pattern$LastNode 80 java/util/regex/Pattern$LastNode 82 java/util/regex/Pattern$GroupTail
ciMethodData java/lang/String toString ()Ljava/lang/String; 2 7806 orig 264 72 34 212 119 0 0 0 0 144 110 54 27 0 0 0 0 32 1 0 0 0 0 0 0 0 0 0 0 0 0 0 0 0 0 0 0 0 0 0 0 0 0 0 0 0 0 0 0 0 0 0 0 0 0 0 0 0 0 0 0 0 0 0 0 0 0 0 0 0 0 0 0 0 0 0 0 0 0 0 0 77 68 79 32 101 120 116 114 97 32 100 97 116 97 32 108 111 99 107 0 0 0 0 0 0 0 0 0 0 0 0 0 0 0 0 0 0 0 0 0 0 0 0 0 0 0 0 0 0 0 0 0 0 0 0 0 0 0 0 0 0 0 0 0 0 0 0 0 0 0 0 0 0 0 0 0 0 0 0 0 0 0 0 0 0 0 0 0 0 0 0 0 0 0 0 0 0 0 0 0 0 0 0 0 0 0 0 0 0 0 0 0 0 0 0 0 0 0 0 0 0 0 0 0 0 0 0 0 0 0 0 0 0 0 0 0 138 1 0 0 161 231 0 0 1 0 0 0 0 0 0 0 0 0 0 0 2 0 0 0 0 0 3 0 1 0 0 0 0 0 0 0 255 255 255 255 0 0 0 0 0 0 0 0 data 0 oops 0
ciMethodData java/util/regex/Matcher find ()Z 2 5403 orig 264 72 34 212 119 0 0 0 0 160 251 98 27 0 0 0 0 16 2 0 0 64 0 0 0 0 0 0 0 0 0 0 0 0 0 0 0 0 0 0 0 0 0 0 0 0 0 0 0 0 0 0 0 0 0 0 0 0 0 0 0 0 0 0 0 0 0 0 0 0 0 0 0 0 0 0 0 0 0 0 0 77 68 79 32 101 120 116 114 97 32 100 97 116 97 32 108 111 99 107 0 0 0 0 0 0 0 0 0 0 0 0 0 0 0 0 0 0 0 0 0 0 0 0 0 0 0 0 0 0 0 0 0 0 0 0 0 0 0 0 0 0 0 0 0 0 0 0 0 0 0 0 0 0 0 0 0 0 0 0 0 0 0 0 0 0 0 0 0 0 0 0 0 0 0 0 0 0 0 0 0 0 0 0 0 0 0 0 0 0 0 0 0 0 0 0 0 0 0 0 0 0 0 0 0 0 0 0 0 0 0 0 0 0 0 0 0 26 1 0 0 1 160 0 0 1 0 0 0 0 0 0 0 0 0 0 0 2 0 0 0 1 0 14 0 2 0 0 0 200 0 0 0 255 255 255 255 7 0 10 0 0 0 0 0 data 25 0xa0007 0x1400 0x20 0x0 0x150007 0x1400 0x20 0x0 0x220007 0x1400 0x58 0x0 0x2d0007 0x0 0x38 0x0 0x3a0003 0x0 0xffffffffffffffe0 0x410005 0x16 0x24946100 0x13ea 0x0 0x0 oops 1 21 java/util/regex/Matcher
ciMethodData java/util/regex/Pattern matcher (Ljava/lang/CharSequence;)Ljava/util/regex/Matcher; 2 5360 orig 264 72 34 212 119 0 0 0 0 232 12 97 27 0 0 0 0 160 1 0 0 80 0 0 0 0 0 0 0 0 0 0 0 0 0 0 0 0 0 0 0 0 0 0 0 0 0 0 0 0 0 0 0 0 0 0 0 0 0 0 0 0 0 0 0 0 0 0 0 0 0 0 0 0 0 0 0 0 0 0 0 77 68 79 32 101 120 116 114 97 32 100 97 116 97 32 108 111 99 107 0 0 0 0 0 0 0 0 0 0 0 0 0 0 0 0 0 0 0 0 0 0 0 0 0 0 0 0 0 0 0 0 0 0 0 0 0 0 0 0 0 0 0 0 0 0 0 0 0 0 0 0 0 0 0 0 0 0 0 0 0 0 0 0 0 0 0 0 0 0 0 0 0 0 0 0 0 0 0 0 0 0 0 0 0 0 0 0 0 0 0 0 0 0 0 0 0 0 0 0 0 0 0 0 0 0 0 0 0 0 0 0 0 0 0 0 0 0 2 0 0 129 151 0 0 1 0 0 0 0 0 0 0 0 0 0 0 2 0 0 0 0 0 13 0 2 0 0 0 120 0 0 0 255 255 255 255 7 0 4 0 0 0 0 0 data 15 0x40007 0x12f0 0x68 0x0 0xf0007 0x0 0x30 0x0 0x130002 0x0 0x180003 0x0 0x18 0x260002 0x12f0 oops 0
ciMethodData java/util/regex/Matcher <init> (Ljava/util/regex/Pattern;Ljava/lang/CharSequence;)V 2 5360 orig 264 72 34 212 119 0 0 0 0 248 238 98 27 0 0 0 0 168 1 0 0 0 0 0 0 0 0 0 0 0 0 0 0 0 0 0 0 0 0 0 0 0 0 0 0 0 0 0 0 0 0 0 0 0 0 0 0 0 0 0 0 0 0 0 0 0 0 0 0 0 0 0 0 0 0 0 0 0 0 0 0 77 68 79 32 101 120 116 114 97 32 100 97 116 97 32 108 111 99 107 0 0 0 0 0 0 0 0 0 0 0 0 0 0 0 0 0 0 0 0 0 0 0 0 0 0 0 0 0 0 0 0 0 0 0 0 0 0 0 0 0 0 0 0 0 0 0 0 0 0 0 0 0 0 0 0 0 0 0 0 0 0 0 0 0 0 0 0 0 0 0 0 0 0 0 0 0 0 0 0 0 0 0 0 0 0 0 0 0 0 0 0 0 0 0 0 0 0 0 0 0 0 0 0 0 0 0 0 0 0 0 0 0 0 0 0 0 0 2 0 0 129 151 0 0 1 0 0 0 0 0 0 0 0 0 0 0 2 0 0 0 0 0 7 0 2 0 0 0 80 0 0 0 255 255 255 255 2 0 1 0 0 0 0 0 data 10 0x10002 0x12f0 0x370002 0x12f0 0x4f0005 0x81 0x24946100 0x126f 0x0 0x0 oops 1 6 java/util/regex/Matcher
ciMethodData scala/collection/GenSeqLike$class $init$ (Lscala/collection/GenSeqLike;)V 2 17656 orig 264 72 34 212 119 0 0 0 0 0 108 134 27 0 0 0 0 32 1 0 0 0 0 0 0 0 0 0 0 0 0 0 0 0 0 0 0 0 0 0 0 0 0 0 0 0 0 0 0 0 0 0 0 0 0 0 0 0 0 0 0 0 0 0 0 0 0 0 0 0 0 0 0 0 0 0 0 0 0 0 0 77 68 79 32 101 120 116 114 97 32 100 97 116 97 32 108 111 99 107 0 0 0 0 0 0 0 0 0 0 0 0 0 0 0 0 0 0 0 0 0 0 0 0 0 0 0 0 0 0 0 0 0 0 0 0 0 0 0 0 0 0 0 0 0 0 0 0 0 0 0 0 0 0 0 0 0 0 0 0 0 0 0 0 0 0 0 0 0 0 0 0 0 0 0 0 0 0 0 0 0 0 0 0 0 0 0 0 0 0 0 0 0 0 0 0 0 0 0 0 0 0 0 0 0 0 0 0 0 0 0 0 0 0 0 0 0 0 1 0 0 193 31 2 0 1 0 0 0 0 0 0 0 0 0 0 0 2 0 0 0 0 0 3 0 1 0 0 0 0 0 0 0 255 255 255 255 0 0 0 0 0 0 0 0 data 0 oops 0
ciMethodData scala/collection/SeqLike$class $init$ (Lscala/collection/SeqLike;)V 2 17656 orig 264 72 34 212 119 0 0 0 0 128 180 134 27 0 0 0 0 32 1 0 0 0 0 0 0 0 0 0 0 0 0 0 0 0 0 0 0 0 0 0 0 0 0 0 0 0 0 0 0 0 0 0 0 0 0 0 0 0 0 0 0 0 0 0 0 0 0 0 0 0 0 0 0 0 0 0 0 0 0 0 0 77 68 79 32 101 120 116 114 97 32 100 97 116 97 32 108 111 99 107 0 0 0 0 0 0 0 0 0 0 0 0 0 0 0 0 0 0 0 0 0 0 0 0 0 0 0 0 0 0 0 0 0 0 0 0 0 0 0 0 0 0 0 0 0 0 0 0 0 0 0 0 0 0 0 0 0 0 0 0 0 0 0 0 0 0 0 0 0 0 0 0 0 0 0 0 0 0 0 0 0 0 0 0 0 0 0 0 0 0 0 0 0 0 0 0 0 0 0 0 0 0 0 0 0 0 0 0 0 0 0 0 0 0 0 0 0 0 1 0 0 193 31 2 0 1 0 0 0 0 0 0 0 0 0 0 0 2 0 0 0 0 0 3 0 1 0 0 0 0 0 0 0 255 255 255 255 0 0 0 0 0 0 0 0 data 0 oops 0
ciMethodData scala/runtime/BoxesRunTime boxToBoolean (Z)Ljava/lang/Boolean; 2 10910 orig 264 72 34 212 119 0 0 0 0 208 241 145 27 0 0 0 0 88 1 0 0 0 0 0 0 0 0 0 0 0 0 0 0 0 0 0 0 0 0 0 0 0 0 0 0 0 0 0 0 0 0 0 0 0 0 0 0 0 0 0 0 0 0 0 0 0 0 0 0 0 0 0 0 0 0 0 0 0 0 0 0 77 68 79 32 101 120 116 114 97 32 100 97 116 97 32 108 111 99 107 0 0 0 0 0 0 0 0 0 0 0 0 0 0 0 0 0 0 0 0 0 0 0 0 0 0 0 0 0 0 0 0 0 0 0 0 0 0 0 0 0 0 0 0 0 0 0 0 0 0 0 0 0 0 0 0 0 0 0 0 0 0 0 0 0 0 0 0 0 0 0 0 0 0 0 0 0 0 0 0 0 0 0 0 0 0 0 0 0 0 0 0 0 0 0 0 0 0 0 0 0 0 0 0 0 0 0 0 0 0 0 0 0 0 0 0 0 209 0 0 0 105 78 1 0 1 0 0 0 0 0 0 0 0 0 0 0 2 0 0 0 0 0 7 0 2 0 0 0 16 0 0 0 255 255 255 255 2 0 1 0 0 0 0 0 data 2 0x10002 0x29cd oops 0
ciMethodData scala/collection/IndexedSeqLike$class $init$ (Lscala/collection/IndexedSeqLike;)V 2 12199 orig 264 72 34 212 119 0 0 0 0 32 157 135 27 0 0 0 0 32 1 0 0 0 0 0 0 0 0 0 0 0 0 0 0 0 0 0 0 0 0 0 0 0 0 0 0 0 0 0 0 0 0 0 0 0 0 0 0 0 0 0 0 0 0 0 0 0 0 0 0 0 0 0 0 0 0 0 0 0 0 0 0 77 68 79 32 101 120 116 114 97 32 100 97 116 97 32 108 111 99 107 0 0 0 0 0 0 0 0 0 0 0 0 0 0 0 0 0 0 0 0 0 0 0 0 0 0 0 0 0 0 0 0 0 0 0 0 0 0 0 0 0 0 0 0 0 0 0 0 0 0 0 0 0 0 0 0 0 0 0 0 0 0 0 0 0 0 0 0 0 0 0 0 0 0 0 0 0 0 0 0 0 0 0 0 0 0 0 0 0 0 0 0 0 0 0 0 0 0 0 0 0 0 0 0 0 0 0 0 0 0 0 0 0 0 0 0 0 0 1 0 0 57 117 1 0 1 0 0 0 0 0 0 0 0 0 0 0 2 0 0 0 0 0 3 0 1 0 0 0 0 0 0 0 255 255 255 255 0 0 0 0 0 0 0 0 data 0 oops 0
ciMethodData scala/collection/IndexedSeqOptimized$class $init$ (Lscala/collection/IndexedSeqOptimized;)V 2 11534 orig 264 72 34 212 119 0 0 0 0 80 234 135 27 0 0 0 0 32 1 0 0 0 0 0 0 0 0 0 0 0 0 0 0 0 0 0 0 0 0 0 0 0 0 0 0 0 0 0 0 0 0 0 0 0 0 0 0 0 0 0 0 0 0 0 0 0 0 0 0 0 0 0 0 0 0 0 0 0 0 0 0 77 68 79 32 101 120 116 114 97 32 100 97 116 97 32 108 111 99 107 0 0 0 0 0 0 0 0 0 0 0 0 0 0 0 0 0 0 0 0 0 0 0 0 0 0 0 0 0 0 0 0 0 0 0 0 0 0 0 0 0 0 0 0 0 0 0 0 0 0 0 0 0 0 0 0 0 0 0 0 0 0 0 0 0 0 0 0 0 0 0 0 0 0 0 0 0 0 0 0 0 0 0 0 0 0 0 0 0 0 0 0 0 0 0 0 0 0 0 0 0 0 0 0 0 0 0 0 0 0 0 0 0 0 0 0 0 0 1 0 0 113 96 1 0 1 0 0 0 0 0 0 0 0 0 0 0 2 0 0 0 0 0 3 0 1 0 0 0 0 0 0 0 255 255 255 255 0 0 0 0 0 0 0 0 data 0 oops 0
ciMethodData java/lang/String subSequence (II)Ljava/lang/CharSequence; 2 3707 orig 264 72 34 212 119 0 0 0 0 160 93 54 27 0 0 0 0 136 1 0 0 0 0 0 0 0 0 0 0 0 0 0 0 0 0 0 0 0 0 0 0 0 0 0 0 0 0 0 0 0 0 0 0 0 0 0 0 0 0 0 0 0 0 0 0 0 0 0 0 0 0 0 0 0 0 0 0 0 0 0 0 77 68 79 32 101 120 116 114 97 32 100 97 116 97 32 108 111 99 107 0 0 0 0 0 0 0 0 0 0 0 0 0 0 0 0 0 0 0 0 0 0 0 0 0 0 0 0 0 0 0 0 0 0 0 0 0 0 0 0 0 0 0 0 0 0 0 0 0 0 0 0 0 0 0 0 0 0 0 0 0 0 0 0 0 0 0 0 0 0 0 0 0 0 0 0 0 0 0 0 0 0 0 0 0 0 0 0 0 0 0 0 0 0 0 0 0 0 0 0 0 0 0 0 0 0 0 0 0 0 0 0 0 0 0 0 0 0 2 0 0 217 99 0 0 1 0 0 0 0 0 0 0 0 0 0 0 2 0 0 0 0 0 3 0 2 0 0 0 48 0 0 0 255 255 255 255 5 0 3 0 0 0 0 0 data 6 0x30005 0x2 0x1bc40910 0xc79 0x0 0x0 oops 1 2 java/lang/String
ciMethodData scala/runtime/BoxesRunTime unboxToBoolean (Ljava/lang/Object;)Z 2 12900 orig 264 72 34 212 119 0 0 0 0 224 246 145 27 0 0 0 0 224 1 0 0 32 0 0 0 0 0 0 0 0 0 0 0 0 0 0 0 0 0 0 0 0 0 0 0 0 0 0 0 0 0 0 0 0 0 0 0 0 0 0 0 0 0 0 0 0 0 0 0 0 0 0 0 0 0 0 0 0 0 0 0 77 68 79 32 101 120 116 114 97 32 100 97 116 97 32 108 111 99 107 0 0 0 0 0 0 0 0 0 0 0 0 0 0 0 0 0 0 0 0 0 0 0 0 0 0 0 0 0 0 0 0 0 0 0 0 0 0 0 0 0 0 0 0 0 0 0 0 0 0 0 0 0 0 0 0 0 0 0 0 0 0 0 0 0 0 0 0 0 0 0 0 0 0 0 0 0 0 0 0 0 0 0 0 0 0 0 0 0 0 0 0 0 0 0 0 0 0 0 0 0 0 0 0 0 0 0 0 0 0 0 0 0 0 0 0 0 0 2 0 0 33 131 1 0 1 0 0 0 0 0 0 0 0 0 0 0 2 0 0 0 0 0 6 0 2 0 0 0 152 0 0 0 255 255 255 255 7 0 1 0 0 0 0 0 data 19 0x10007 0x3064 0x38 0x0 0x50003 0x0 0x78 0x90004 0x0 0x1d1398b0 0x3064 0x0 0x0 0xc0005 0x7c 0x1d1398b0 0x2fe8 0x0 0x0 oops 2 9 java/lang/Boolean 15 java/lang/Boolean
ciMethodData scala/collection/mutable/ResizableArray$class ensureSize (Lscala/collection/mutable/ResizableArray;I)V 2 5921 orig 264 72 34 212 119 0 0 0 0 216 20 136 27 0 0 0 0 168 2 0 0 80 0 0 0 0 0 0 0 0 0 0 0 0 0 0 0 0 0 0 0 0 0 0 0 0 0 0 0 0 0 0 0 0 0 0 0 0 0 0 0 0 0 0 0 0 0 0 0 0 0 0 0 0 0 0 0 0 0 0 0 77 68 79 32 101 120 116 114 97 32 100 97 116 97 32 108 111 99 107 0 0 0 0 0 0 0 0 0 0 0 0 0 0 0 0 0 0 0 0 0 0 0 0 0 0 0 0 0 0 0 0 0 0 0 0 0 0 0 0 0 0 0 0 0 0 0 0 0 0 0 0 0 0 0 0 0 0 0 0 0 0 0 0 0 0 0 0 0 0 0 0 0 0 0 0 0 0 0 0 0 0 0 0 0 0 0 0 0 0 0 0 0 0 0 0 0 0 0 0 0 0 0 0 0 0 0 0 0 0 0 0 0 0 0 0 0 35 1 0 0 241 175 0 0 1 0 0 0 0 0 0 0 0 0 0 0 2 0 0 0 1 0 9 0 2 0 0 0 88 1 0 0 255 255 255 255 5 0 2 0 0 0 0 0 data 43 0x20005 0x35 0x208e02b0 0x1567 0x1f75e1e0 0x62 0x80007 0x15f9 0x128 0x5 0xc0005 0x0 0x208e02b0 0x3 0x1f75acd0 0x2 0x170007 0x5 0x38 0x0 0x1e0003 0x0 0xffffffffffffffe0 0x2b0005 0x0 0x208e02b0 0x3 0x1f75acd0 0x2 0x310005 0x0 0x208e02b0 0x3 0x1f75acd0 0x2 0x430002 0x5 0x490005 0x0 0x208e02b0 0x3 0x1f75acd0 0x2 oops 10 2 scala/collection/mutable/ArrayBuffer 4 scala/xml/NodeBuffer 12 scala/collection/mutable/ArrayBuffer 14 org/apache/spark/ContextCleaner$$anon$1 25 scala/collection/mutable/ArrayBuffer 27 org/apache/spark/ContextCleaner$$anon$1 31 scala/collection/mutable/ArrayBuffer 33 org/apache/spark/ContextCleaner$$anon$1 39 scala/collection/mutable/ArrayBuffer 41 org/apache/spark/ContextCleaner$$anon$1
ciMethodData scala/collection/mutable/ArrayBuffer ensureSize (I)V 2 5921 orig 264 72 34 212 119 0 0 0 0 200 124 133 27 0 0 0 0 96 1 0 0 0 0 0 0 0 0 0 0 0 0 0 0 0 0 0 0 0 0 0 0 0 0 0 0 0 0 0 0 0 0 0 0 0 0 0 0 0 0 0 0 0 0 0 0 0 0 0 0 0 0 0 0 0 0 0 0 0 0 0 0 77 68 79 32 101 120 116 114 97 32 100 97 116 97 32 108 111 99 107 0 0 0 0 0 0 0 0 0 0 0 0 0 0 0 0 0 0 0 0 0 0 0 0 0 0 0 0 0 0 0 0 0 0 0 0 0 0 0 0 0 0 0 0 0 0 0 0 0 0 0 0 0 0 0 0 0 0 0 0 0 0 0 0 0 0 0 0 0 0 0 0 0 0 0 0 0 0 0 0 0 0 0 0 0 0 0 0 0 0 0 0 0 0 0 0 0 0 0 0 0 0 0 0 0 0 0 0 0 0 0 0 0 0 0 0 0 35 1 0 0 241 175 0 0 1 0 0 0 0 0 0 0 0 0 0 0 2 0 0 0 0 0 3 0 2 0 0 0 16 0 0 0 255 255 255 255 2 0 2 0 0 0 0 0 data 2 0x20002 0x15fe oops 0
ciMethodData scala/collection/mutable/ArrayBuffer array_$eq ([Ljava/lang/Object;)V 2 1818 orig 264 72 34 212 119 0 0 0 0 144 118 133 27 0 0 0 0 40 1 0 0 0 0 0 0 0 0 0 0 0 0 0 0 0 0 0 0 0 0 0 0 0 0 0 0 0 0 0 0 0 0 0 0 0 0 0 0 0 0 0 0 0 0 0 0 0 0 0 0 0 0 0 0 0 0 0 0 0 0 0 0 77 68 79 32 101 120 116 114 97 32 100 97 116 97 32 108 111 99 107 0 0 0 0 0 0 0 0 0 0 0 0 0 0 0 0 0 0 0 0 0 0 0 0 0 0 0 0 0 0 0 0 0 0 0 0 0 0 0 0 0 0 0 0 0 0 0 0 0 0 0 0 0 0 0 0 0 0 0 0 0 0 0 0 0 0 0 0 0 0 0 0 0 0 0 0 0 0 0 0 0 0 0 0 0 0 0 0 0 0 0 0 0 0 0 0 0 0 0 0 0 0 0 0 0 0 0 0 0 0 0 0 0 0 0 0 0 21 0 0 0 41 56 0 0 1 0 0 0 0 0 0 0 0 0 0 0 2 0 0 0 0 0 3 0 1 0 0 0 0 0 0 0 255 255 255 255 0 0 0 0 0 0 0 0 data 0 oops 0
ciMethodData scala/math/Ordered$class $init$ (Lscala/math/Ordered;)V 2 7224 orig 264 72 34 212 119 0 0 0 0 112 89 156 27 0 0 0 0 32 1 0 0 0 0 0 0 0 0 0 0 0 0 0 0 0 0 0 0 0 0 0 0 0 0 0 0 0 0 0 0 0 0 0 0 0 0 0 0 0 0 0 0 0 0 0 0 0 0 0 0 0 0 0 0 0 0 0 0 0 0 0 0 77 68 79 32 101 120 116 114 97 32 100 97 116 97 32 108 111 99 107 0 0 0 0 0 0 0 0 0 0 0 0 0 0 0 0 0 0 0 0 0 0 0 0 0 0 0 0 0 0 0 0 0 0 0 0 0 0 0 0 0 0 0 0 0 0 0 0 0 0 0 0 0 0 0 0 0 0 0 0 0 0 0 0 0 0 0 0 0 0 0 0 0 0 0 0 0 0 0 0 0 0 0 0 0 0 0 0 0 0 0 0 0 0 0 0 0 0 0 0 0 0 0 0 0 0 0 0 0 0 0 0 0 0 0 0 0 11 1 0 0 105 217 0 0 1 0 0 0 0 0 0 0 0 0 0 0 2 0 0 0 0 0 3 0 1 0 0 0 0 0 0 0 255 255 255 255 0 0 0 0 0 0 0 0 data 0 oops 0
ciMethodData scala/collection/mutable/ArrayBuffer size0_$eq (I)V 2 9022 orig 264 72 34 212 119 0 0 0 0 224 119 133 27 0 0 0 0 40 1 0 0 0 0 0 0 0 0 0 0 0 0 0 0 0 0 0 0 0 0 0 0 0 0 0 0 0 0 0 0 0 0 0 0 0 0 0 0 0 0 0 0 0 0 0 0 0 0 0 0 0 0 0 0 0 0 0 0 0 0 0 0 77 68 79 32 101 120 116 114 97 32 100 97 116 97 32 108 111 99 107 0 0 0 0 0 0 0 0 0 0 0 0 0 0 0 0 0 0 0 0 0 0 0 0 0 0 0 0 0 0 0 0 0 0 0 0 0 0 0 0 0 0 0 0 0 0 0 0 0 0 0 0 0 0 0 0 0 0 0 0 0 0 0 0 0 0 0 0 0 0 0 0 0 0 0 0 0 0 0 0 0 0 0 0 0 0 0 0 0 0 0 0 0 0 0 0 0 0 0 0 0 0 0 0 0 0 0 0 0 0 0 0 0 0 0 0 0 138 1 0 0 161 13 1 0 1 0 0 0 0 0 0 0 0 0 0 0 2 0 0 0 0 0 3 0 1 0 0 0 0 0 0 0 255 255 255 255 0 0 0 0 0 0 0 0 data 0 oops 0
ciMethodData scala/collection/mutable/ArrayBuffer $plus$eq (Ljava/lang/Object;)Lscala/collection/mutable/ArrayBuffer; 2 5575 orig 264 72 34 212 119 0 0 0 0 48 167 133 27 0 0 0 0 160 2 0 0 0 0 0 0 0 0 0 0 0 0 0 0 0 0 0 0 0 0 0 0 0 0 0 0 0 0 0 0 0 0 0 0 0 0 0 0 0 0 0 0 0 0 0 0 0 0 0 0 0 0 0 0 0 0 0 0 0 0 0 0 77 68 79 32 101 120 116 114 97 32 100 97 116 97 32 108 111 99 107 0 0 0 0 0 0 0 0 0 0 0 0 0 0 0 0 0 0 0 0 0 0 0 0 0 0 0 0 0 0 0 0 0 0 0 0 0 0 0 0 0 0 0 0 0 0 0 0 0 0 0 0 0 0 0 0 0 0 0 0 0 0 0 0 0 0 0 0 0 0 0 0 0 0 0 0 0 0 0 0 0 0 0 0 0 0 0 0 0 0 0 0 0 0 0 0 0 0 0 0 0 0 0 0 0 0 0 0 0 0 0 0 0 0 0 0 0 132 1 0 0 25 162 0 0 1 0 0 0 0 0 0 0 0 0 0 0 2 0 0 0 0 0 3 0 2 0 0 0 80 1 0 0 255 255 255 255 5 0 2 0 0 0 0 0 data 42 0x20005 0x0 0x208e02b0 0x140e 0x1f75acd0 0x35 0x70005 0x0 0x208e02b0 0x140e 0x1f75acd0 0x35 0xb0005 0x0 0x208e02b0 0x140e 0x1f75acd0 0x35 0xf0005 0x0 0x208e02b0 0x140e 0x1f75acd0 0x35 0x130004 0x0 0x1f75ad80 0x19 0x1f75ae30 0x1 0x160005 0x0 0x208e02b0 0x140e 0x1f75acd0 0x35 0x1b0005 0x0 0x208e02b0 0x140e 0x1f75acd0 0x35 oops 14 2 scala/collection/mutable/ArrayBuffer 4 org/apache/spark/ContextCleaner$$anon$1 8 scala/collection/mutable/ArrayBuffer 10 org/apache/spark/ContextCleaner$$anon$1 14 scala/collection/mutable/ArrayBuffer 16 org/apache/spark/ContextCleaner$$anon$1 20 scala/collection/mutable/ArrayBuffer 22 org/apache/spark/ContextCleaner$$anon$1 26 org/spark-project/jetty/servlet/ServletContextHandler 28 org/apache/spark/ui/jobs/JobsTab 32 scala/collection/mutable/ArrayBuffer 34 org/apache/spark/ContextCleaner$$anon$1 38 scala/collection/mutable/ArrayBuffer 40 org/apache/spark/ContextCleaner$$anon$1
ciMethodData java/util/regex/Matcher groupCount ()I 2 3944 orig 264 72 34 212 119 0 0 0 0 40 250 98 27 0 0 0 0 32 1 0 0 0 0 0 0 0 0 0 0 0 0 0 0 0 0 0 0 0 0 0 0 0 0 0 0 0 0 0 0 0 0 0 0 0 0 0 0 0 0 0 0 0 0 0 0 0 0 0 0 0 0 0 0 0 0 0 0 0 0 0 0 77 68 79 32 101 120 116 114 97 32 100 97 116 97 32 108 111 99 107 0 0 0 0 0 0 0 0 0 0 0 0 0 0 0 0 0 0 0 0 0 0 0 0 0 0 0 0 0 0 0 0 0 0 0 0 0 0 0 0 0 0 0 0 0 0 0 0 0 0 0 0 0 0 0 0 0 0 0 0 0 0 0 0 0 0 0 0 0 0 0 0 0 0 0 0 0 0 0 0 0 0 0 0 0 0 0 0 0 0 0 0 0 0 0 0 0 0 0 0 0 0 0 0 0 0 0 0 0 0 0 0 0 0 0 0 0 3 1 0 0 41 115 0 0 1 0 0 0 0 0 0 0 0 0 0 0 2 0 0 0 0 0 3 0 1 0 0 0 0 0 0 0 255 255 255 255 0 0 0 0 0 0 0 0 data 0 oops 0
ciMethodData scala/collection/immutable/StringLike$class $init$ (Lscala/collection/immutable/StringLike;)V 2 7024 orig 264 72 34 212 119 0 0 0 0 184 136 156 27 0 0 0 0 32 1 0 0 0 0 0 0 0 0 0 0 0 0 0 0 0 0 0 0 0 0 0 0 0 0 0 0 0 0 0 0 0 0 0 0 0 0 0 0 0 0 0 0 0 0 0 0 0 0 0 0 0 0 0 0 0 0 0 0 0 0 0 0 77 68 79 32 101 120 116 114 97 32 100 97 116 97 32 108 111 99 107 0 0 0 0 0 0 0 0 0 0 0 0 0 0 0 0 0 0 0 0 0 0 0 0 0 0 0 0 0 0 0 0 0 0 0 0 0 0 0 0 0 0 0 0 0 0 0 0 0 0 0 0 0 0 0 0 0 0 0 0 0 0 0 0 0 0 0 0 0 0 0 0 0 0 0 0 0 0 0 0 0 0 0 0 0 0 0 0 0 0 0 0 0 0 0 0 0 0 0 0 0 0 0 0 0 0 0 0 0 0 0 0 0 0 0 0 0 130 1 0 0 113 207 0 0 1 0 0 0 0 0 0 0 0 0 0 0 2 0 0 0 0 0 3 0 1 0 0 0 0 0 0 0 255 255 255 255 0 0 0 0 0 0 0 0 data 0 oops 0
ciMethodData java/util/regex/Matcher group (I)Ljava/lang/String; 2 3938 orig 264 72 34 212 119 0 0 0 0 192 248 98 27 0 0 0 0 64 3 0 0 112 1 0 0 0 0 0 0 0 0 0 0 0 0 0 0 0 0 0 0 0 0 0 0 0 0 0 0 0 0 0 0 0 0 0 0 0 0 0 0 0 0 0 0 0 0 0 0 0 0 0 0 0 0 0 0 0 0 0 0 77 68 79 32 101 120 116 114 97 32 100 97 116 97 32 108 111 99 107 0 0 0 0 0 0 0 0 0 0 0 0 0 0 0 0 0 0 0 0 0 0 0 0 0 0 0 0 0 0 0 0 0 0 0 0 0 0 0 0 0 0 0 0 0 0 0 0 0 0 0 0 0 0 0 0 0 0 0 0 0 0 0 0 0 0 0 0 0 0 0 0 0 0 0 0 0 0 0 0 0 0 0 0 0 0 0 0 0 0 0 0 0 0 0 0 0 0 0 0 0 0 0 0 0 0 0 0 0 0 0 0 0 0 0 0 0 129 1 0 0 9 111 0 0 1 0 0 0 0 0 0 0 0 0 0 0 2 0 0 0 0 0 15 0 2 0 0 0 240 1 0 0 255 255 255 255 7 0 4 0 0 0 0 0 data 62 0x40007 0xde1 0x30 0x0 0xd0002 0x0 0x120007 0x0 0x70 0xde1 0x170005 0x0 0x24946100 0xde1 0x0 0x0 0x1a0007 0xde1 0xd0 0x0 0x250002 0x0 0x2a0005 0x0 0x0 0x0 0x0 0x0 0x2e0005 0x0 0x0 0x0 0x0 0x0 0x310005 0x0 0x0 0x0 0x0 0x0 0x340002 0x0 0x410007 0x1fc 0x40 0xbe5 0x4f0007 0xbe5 0x20 0x0 0x670005 0x0 0x24946100 0xbe5 0x0 0x0 0x6a0005 0x0 0x1bc40910 0xbe5 0x0 0x0 oops 3 12 java/util/regex/Matcher 52 java/util/regex/Matcher 58 java/lang/String
ciMethodData java/util/regex/Matcher getSubSequence (II)Ljava/lang/CharSequence; 2 3242 orig 264 72 34 212 119 0 0 0 0 96 13 99 27 0 0 0 0 136 1 0 0 0 0 0 0 0 0 0 0 0 0 0 0 0 0 0 0 0 0 0 0 0 0 0 0 0 0 0 0 0 0 0 0 0 0 0 0 0 0 0 0 0 0 0 0 0 0 0 0 0 0 0 0 0 0 0 0 0 0 0 0 77 68 79 32 101 120 116 114 97 32 100 97 116 97 32 108 111 99 107 0 0 0 0 0 0 0 0 0 0 0 0 0 0 0 0 0 0 0 0 0 0 0 0 0 0 0 0 0 0 0 0 0 0 0 0 0 0 0 0 0 0 0 0 0 0 0 0 0 0 0 0 0 0 0 0 0 0 0 0 0 0 0 0 0 0 0 0 0 0 0 0 0 0 0 0 0 0 0 0 0 0 0 0 0 0 0 0 0 0 0 0 0 0 0 0 0 0 0 0 0 0 0 0 0 0 0 0 0 0 0 0 0 0 0 0 0 197 0 0 0 41 95 0 0 1 0 0 0 0 0 0 0 0 0 0 0 2 0 0 0 0 0 0 0 0 0 0 0 48 0 0 0 255 255 255 255 5 0 6 0 0 0 0 0 data 6 0x60005 0x0 0x1bc40910 0xbe5 0x0 0x0 oops 1 2 java/lang/String
ciMethodData scala/Some <init> (Ljava/lang/Object;)V 2 9922 orig 264 72 34 212 119 0 0 0 0 64 22 124 27 0 0 0 0 56 1 0 0 0 0 0 0 0 0 0 0 0 0 0 0 0 0 0 0 0 0 0 0 0 0 0 0 0 0 0 0 0 0 0 0 0 0 0 0 0 0 0 0 0 0 0 0 0 0 0 0 0 0 0 0 0 0 0 0 0 0 0 0 77 68 79 32 101 120 116 114 97 32 100 97 116 97 32 108 111 99 107 0 0 0 0 0 0 0 0 0 0 0 0 0 0 0 0 0 0 0 0 0 0 0 0 0 0 0 0 0 0 0 0 0 0 0 0 0 0 0 0 0 0 0 0 0 0 0 0 0 0 0 0 0 0 0 0 0 0 0 0 0 0 0 0 0 0 0 0 0 0 0 0 0 0 0 0 0 0 0 0 0 0 0 0 0 0 0 0 0 0 0 0 0 0 0 0 0 0 0 0 0 0 0 0 0 0 0 0 0 0 0 0 0 0 0 0 0 50 1 0 0 129 44 1 0 1 0 0 0 0 0 0 0 0 0 0 0 2 0 0 0 0 0 3 0 2 0 0 0 16 0 0 0 255 255 255 255 2 0 6 0 0 0 0 0 data 2 0x60002 0x2590 oops 0
ciMethodData scala/Option <init> ()V 2 9923 orig 264 72 34 212 119 0 0 0 0 240 249 123 27 0 0 0 0 104 1 0 0 0 0 0 0 0 0 0 0 0 0 0 0 0 0 0 0 0 0 0 0 0 0 0 0 0 0 0 0 0 0 0 0 0 0 0 0 0 0 0 0 0 0 0 0 0 0 0 0 0 0 0 0 0 0 0 0 0 0 0 0 77 68 79 32 101 120 116 114 97 32 100 97 116 97 32 108 111 99 107 0 0 0 0 0 0 0 0 0 0 0 0 0 0 0 0 0 0 0 0 0 0 0 0 0 0 0 0 0 0 0 0 0 0 0 0 0 0 0 0 0 0 0 0 0 0 0 0 0 0 0 0 0 0 0 0 0 0 0 0 0 0 0 0 0 0 0 0 0 0 0 0 0 0 0 0 0 0 0 0 0 0 0 0 0 0 0 0 0 0 0 0 0 0 0 0 0 0 0 0 0 0 0 0 0 0 0 0 0 0 0 0 0 0 0 0 0 51 1 0 0 129 44 1 0 1 0 0 0 0 0 0 0 0 0 0 0 2 0 0 0 0 0 3 0 2 0 0 0 32 0 0 0 255 255 255 255 2 0 1 0 0 0 0 0 data 4 0x10002 0x2590 0x50002 0x2590 oops 0
ciMethodData scala/collection/immutable/StringOps <init> (Ljava/lang/String;)V 2 5415 orig 264 72 34 212 119 0 0 0 0 40 223 157 27 0 0 0 0 16 2 0 0 0 0 0 0 0 0 0 0 0 0 0 0 0 0 0 0 0 0 0 0 0 0 0 0 0 0 0 0 0 0 0 0 0 0 0 0 0 0 0 0 0 0 0 0 0 0 0 0 0 0 0 0 0 0 0 0 0 0 0 0 77 68 79 32 101 120 116 114 97 32 100 97 116 97 32 108 111 99 107 0 0 0 0 0 0 0 0 0 0 0 0 0 0 0 0 0 0 0 0 0 0 0 0 0 0 0 0 0 0 0 0 0 0 0 0 0 0 0 0 0 0 0 0 0 0 0 0 0 0 0 0 0 0 0 0 0 0 0 0 0 0 0 0 0 0 0 0 0 0 0 0 0 0 0 0 0 0 0 0 0 0 0 0 0 0 0 0 0 0 0 0 0 0 0 0 0 0 0 0 0 0 0 0 0 0 0 0 0 0 0 0 0 0 0 0 0 2 1 0 0 41 161 0 0 1 0 0 0 0 0 0 0 0 0 0 0 2 0 0 0 0 0 3 0 2 0 0 0 192 0 0 0 255 255 255 255 2 0 6 0 0 0 0 0 data 24 0x60002 0x1425 0xa0002 0x1425 0xe0002 0x1425 0x120002 0x1425 0x160002 0x1425 0x1a0002 0x1425 0x1e0002 0x1425 0x220002 0x1425 0x260002 0x1425 0x2a0002 0x1425 0x2e0002 0x1425 0x320002 0x1425 oops 0
ciMethodData scala/collection/immutable/StringOps toString ()Ljava/lang/String; 2 6683 orig 264 72 34 212 119 0 0 0 0 152 202 157 27 0 0 0 0 168 1 0 0 0 0 0 0 0 0 0 0 0 0 0 0 0 0 0 0 0 0 0 0 0 0 0 0 0 0 0 0 0 0 0 0 0 0 0 0 0 0 0 0 0 0 0 0 0 0 0 0 0 0 0 0 0 0 0 0 0 0 0 0 77 68 79 32 101 120 116 114 97 32 100 97 116 97 32 108 111 99 107 0 0 0 0 0 0 0 0 0 0 0 0 0 0 0 0 0 0 0 0 0 0 0 0 0 0 0 0 0 0 0 0 0 0 0 0 0 0 0 0 0 0 0 0 0 0 0 0 0 0 0 0 0 0 0 0 0 0 0 0 0 0 0 0 0 0 0 0 0 0 0 0 0 0 0 0 0 0 0 0 0 0 0 0 0 0 0 0 0 0 0 0 0 0 0 0 0 0 0 0 0 0 0 0 0 0 0 0 0 0 0 0 0 0 0 0 0 12 1 0 0 113 200 0 0 1 0 0 0 0 0 0 0 0 0 0 0 2 0 0 0 0 0 3 0 2 0 0 0 96 0 0 0 255 255 255 255 5 0 4 0 0 0 0 0 data 12 0x40005 0xc 0x2494bad0 0x1902 0x0 0x0 0x70005 0xc 0x2495d820 0x1902 0x0 0x0 oops 2 2 scala/collection/immutable/StringOps 8 scala/collection/immutable/StringOps$
ciMethodData scala/collection/immutable/StringOps$ toString$extension (Ljava/lang/String;)Ljava/lang/String; 2 6683 orig 264 72 34 212 119 0 0 0 0 80 43 158 27 0 0 0 0 40 1 0 0 0 0 0 0 0 0 0 0 0 0 0 0 0 0 0 0 0 0 0 0 0 0 0 0 0 0 0 0 0 0 0 0 0 0 0 0 0 0 0 0 0 0 0 0 0 0 0 0 0 0 0 0 0 0 0 0 0 0 0 0 77 68 79 32 101 120 116 114 97 32 100 97 116 97 32 108 111 99 107 0 0 0 0 0 0 0 0 0 0 0 0 0 0 0 0 0 0 0 0 0 0 0 0 0 0 0 0 0 0 0 0 0 0 0 0 0 0 0 0 0 0 0 0 0 0 0 0 0 0 0 0 0 0 0 0 0 0 0 0 0 0 0 0 0 0 0 0 0 0 0 0 0 0 0 0 0 0 0 0 0 0 0 0 0 0 0 0 0 0 0 0 0 0 0 0 0 0 0 0 0 0 0 0 0 0 0 0 0 0 0 0 0 0 0 0 0 17 1 0 0 81 200 0 0 1 0 0 0 0 0 0 0 0 0 0 0 2 0 0 0 0 0 0 0 0 0 0 0 0 0 0 0 255 255 255 255 0 0 0 0 0 0 0 0 data 0 oops 0
ciMethodData java/util/regex/Pattern compile (Ljava/lang/String;)Ljava/util/regex/Pattern; 2 6443 orig 264 72 34 212 119 0 0 0 0 72 10 97 27 0 0 0 0 48 1 0 0 0 0 0 0 0 0 0 0 0 0 0 0 0 0 0 0 0 0 0 0 0 0 0 0 0 0 0 0 0 0 0 0 0 0 0 0 0 0 0 0 0 0 0 0 0 0 0 0 0 0 0 0 0 0 0 0 0 0 0 0 77 68 79 32 101 120 116 114 97 32 100 97 116 97 32 108 111 99 107 0 0 0 0 0 0 0 0 0 0 0 0 0 0 0 0 0 0 0 0 0 0 0 0 0 0 0 0 0 0 0 0 0 0 0 0 0 0 0 0 0 0 0 0 0 0 0 0 0 0 0 0 0 0 0 0 0 0 0 0 0 0 0 0 0 0 0 0 0 0 0 0 0 0 0 0 0 0 0 0 0 0 0 0 0 0 0 0 0 0 0 0 0 0 0 0 0 0 0 0 0 0 0 0 0 0 0 0 0 0 0 0 0 0 0 0 0 0 1 0 0 89 193 0 0 1 0 0 0 0 0 0 0 0 0 0 0 2 0 0 0 0 0 3 0 2 0 0 0 16 0 0 0 255 255 255 255 2 0 6 0 0 0 0 0 data 2 0x60002 0x182b oops 0
ciMethodData scala/Predef$ augmentString (Ljava/lang/String;)Ljava/lang/String; 2 6606 orig 264 72 34 212 119 0 0 0 0 72 199 141 27 0 0 0 0 40 1 0 0 0 0 0 0 0 0 0 0 0 0 0 0 0 0 0 0 0 0 0 0 0 0 0 0 0 0 0 0 0 0 0 0 0 0 0 0 0 0 0 0 0 0 0 0 0 0 0 0 0 0 0 0 0 0 0 0 0 0 0 0 77 68 79 32 101 120 116 114 97 32 100 97 116 97 32 108 111 99 107 0 0 0 0 0 0 0 0 0 0 0 0 0 0 0 0 0 0 0 0 0 0 0 0 0 0 0 0 0 0 0 0 0 0 0 0 0 0 0 0 0 0 0 0 0 0 0 0 0 0 0 0 0 0 0 0 0 0 0 0 0 0 0 0 0 0 0 0 0 0 0 0 0 0 0 0 0 0 0 0 0 0 0 0 0 0 0 0 0 0 0 0 0 0 0 0 0 0 0 0 0 0 0 0 0 0 0 0 0 0 0 0 0 0 0 0 0 6 1 0 0 65 198 0 0 1 0 0 0 0 0 0 0 0 0 0 0 2 0 0 0 0 0 3 0 1 0 0 0 0 0 0 0 255 255 255 255 0 0 0 0 0 0 0 0 data 0 oops 0
ciMethodData java/lang/String contains (Ljava/lang/CharSequence;)Z 2 6716 orig 264 72 34 212 119 0 0 0 0 200 96 54 27 0 0 0 0 232 1 0 0 0 0 0 0 0 0 0 0 0 0 0 0 0 0 0 0 0 0 0 0 0 0 0 0 0 0 0 0 0 0 0 0 0 0 0 0 0 0 0 0 0 0 0 0 0 0 0 0 0 0 0 0 0 0 0 0 0 0 0 0 77 68 79 32 101 120 116 114 97 32 100 97 116 97 32 108 111 99 107 0 0 0 0 0 0 0 0 0 0 0 0 0 0 0 0 0 0 0 0 0 0 0 0 0 0 0 0 0 0 0 0 0 0 0 0 0 0 0 0 0 0 0 0 0 0 0 0 0 0 0 0 0 0 0 0 0 0 0 0 0 0 0 0 0 0 0 0 0 0 0 0 0 0 0 0 0 0 0 0 0 0 0 0 0 0 0 0 0 0 0 0 0 0 0 0 0 0 0 0 0 0 0 0 0 0 0 0 0 0 0 0 0 0 0 0 0 130 1 0 0 209 197 0 0 1 0 0 0 0 0 0 0 0 0 0 0 2 0 0 0 0 0 6 0 2 0 0 0 152 0 0 0 255 255 255 255 5 0 2 0 0 0 0 0 data 19 0x20005 0x0 0x1bc40910 0x18ba 0x0 0x0 0x70005 0x7 0x1bc40910 0x18b3 0x0 0x0 0xb0007 0x15b7 0x38 0x303 0xf0003 0x303 0x18 oops 2 2 java/lang/String 8 java/lang/String
ciMethodData java/util/regex/Pattern$Begin match (Ljava/util/regex/Matcher;ILjava/lang/CharSequence;)Z 2 4333 orig 264 72 34 212 119 0 0 0 0 224 192 97 27 0 0 0 0 8 2 0 0 32 0 0 0 0 0 0 0 0 0 0 0 0 0 0 0 0 0 0 0 0 0 0 0 0 0 0 0 0 0 0 0 0 0 0 0 0 0 0 0 0 0 0 0 0 0 0 0 0 0 0 0 0 0 0 0 0 0 0 0 77 68 79 32 101 120 116 114 97 32 100 97 116 97 32 108 111 99 107 0 0 0 0 0 0 0 0 0 0 0 0 0 0 0 0 0 0 0 0 0 0 0 0 0 0 0 0 0 0 0 0 0 0 0 0 0 0 0 0 0 0 0 0 0 0 0 0 0 0 0 0 0 0 0 0 0 0 0 0 0 0 0 0 0 0 0 0 0 0 0 0 0 0 0 0 0 0 0 0 0 0 0 0 0 0 0 0 0 0 0 0 0 0 0 0 0 0 0 0 0 0 0 0 0 0 0 0 0 0 0 0 0 0 0 0 0 0 1 0 0 105 127 0 0 1 0 0 0 0 0 0 0 0 0 0 0 2 0 0 0 0 0 11 0 2 0 0 0 168 0 0 0 255 255 255 255 7 0 4 0 0 0 0 0 data 21 0x40007 0x0 0x38 0xfed 0xb0003 0xfed 0x18 0x140007 0x0 0x70 0xfed 0x1e0005 0x0 0x1d262220 0xcc2 0x1d2622d0 0x32b 0x210007 0x266 0x20 0xd87 oops 2 13 java/util/regex/Pattern$Slice 15 java/util/regex/Pattern$Curly
ciMethodData java/util/regex/Matcher group ()Ljava/lang/String; 2 2748 orig 264 72 34 212 119 0 0 0 0 184 247 98 27 0 0 0 0 120 1 0 0 0 0 0 0 0 0 0 0 0 0 0 0 0 0 0 0 0 0 0 0 0 0 0 0 0 0 0 0 0 0 0 0 0 0 0 0 0 0 0 0 0 0 0 0 0 0 0 0 0 0 0 0 0 0 0 0 0 0 0 0 77 68 79 32 101 120 116 114 97 32 100 97 116 97 32 108 111 99 107 0 0 0 0 0 0 0 0 0 0 0 0 0 0 0 0 0 0 0 0 0 0 0 0 0 0 0 0 0 0 0 0 0 0 0 0 0 0 0 0 0 0 0 0 0 0 0 0 0 0 0 0 0 0 0 0 0 0 0 0 0 0 0 0 0 0 0 0 0 0 0 0 0 0 0 0 0 0 0 0 0 0 0 0 0 0 0 0 0 0 0 0 0 0 0 0 0 0 0 0 0 0 0 0 0 0 0 0 0 0 0 0 0 0 0 0 0 222 0 0 0 233 78 0 0 1 0 0 0 0 0 0 0 0 0 0 0 2 0 0 0 0 0 0 0 0 0 0 0 48 0 0 0 255 255 255 255 5 0 2 0 0 0 0 0 data 6 0x20005 0x0 0x24946100 0x9dd 0x0 0x0 oops 1 2 java/util/regex/Matcher
ciMethodData scala/Option isDefined ()Z 2 6649 orig 264 72 34 212 119 0 0 0 0 152 232 123 27 0 0 0 0 176 1 0 0 0 0 0 0 0 0 0 0 0 0 0 0 0 0 0 0 0 0 0 0 0 0 0 0 0 0 0 0 0 0 0 0 0 0 0 0 0 0 0 0 0 0 0 0 0 0 0 0 0 0 0 0 0 0 0 0 0 0 0 0 77 68 79 32 101 120 116 114 97 32 100 97 116 97 32 108 111 99 107 0 0 0 0 0 0 0 0 0 0 0 0 0 0 0 0 0 0 0 0 0 0 0 0 0 0 0 0 0 0 0 0 0 0 0 0 0 0 0 0 0 0 0 0 0 0 0 0 0 0 0 0 0 0 0 0 0 0 0 0 0 0 0 0 0 0 0 0 0 0 0 0 0 0 0 0 0 0 0 0 0 0 0 0 0 0 0 0 0 0 0 0 0 0 0 0 0 0 0 0 0 0 0 0 0 0 0 0 0 0 0 0 0 0 0 0 0 3 1 0 0 169 199 0 0 1 0 0 0 0 0 0 0 0 0 0 0 2 0 0 0 0 0 6 0 2 0 0 0 104 0 0 0 255 255 255 255 5 0 1 0 0 0 0 0 data 13 0x10005 0x0 0x2494dd60 0x68e 0x2494dcb0 0x1267 0x40007 0x1267 0x38 0x68e 0x80003 0x68e 0x18 oops 2 2 scala/None$ 4 scala/Some
ciMethodData scala/util/matching/Regex <init> (Ljava/lang/String;Lscala/collection/Seq;)V 2 5428 orig 264 72 34 212 119 0 0 0 0 16 25 158 27 0 0 0 0 120 1 0 0 0 0 0 0 0 0 0 0 0 0 0 0 0 0 0 0 0 0 0 0 0 0 0 0 0 0 0 0 0 0 0 0 0 0 0 0 0 0 0 0 0 0 0 0 0 0 0 0 0 0 0 0 0 0 0 0 0 0 0 0 77 68 79 32 101 120 116 114 97 32 100 97 116 97 32 108 111 99 107 0 0 0 0 0 0 0 0 0 0 0 0 0 0 0 0 0 0 0 0 0 0 0 0 0 0 0 0 0 0 0 0 0 0 0 0 0 0 0 0 0 0 0 0 0 0 0 0 0 0 0 0 0 0 0 0 0 0 0 0 0 0 0 0 0 0 0 0 0 0 0 0 0 0 0 0 0 0 0 0 0 0 0 0 0 0 0 0 0 0 0 0 0 0 0 0 0 0 0 0 0 0 0 0 0 0 0 0 0 0 0 0 0 0 0 0 0 20 1 0 0 1 161 0 0 1 0 0 0 0 0 0 0 0 0 0 0 2 0 0 0 0 0 3 0 2 0 0 0 32 0 0 0 255 255 255 255 2 0 11 0 0 0 0 0 data 4 0xb0002 0x1420 0x100002 0x1420 oops 0
ciMethodData scala/collection/immutable/StringOps r ()Lscala/util/matching/Regex; 2 6123 orig 264 72 34 212 119 0 0 0 0 248 85 157 27 0 0 0 0 88 1 0 0 0 0 0 0 0 0 0 0 0 0 0 0 0 0 0 0 0 0 0 0 0 0 0 0 0 0 0 0 0 0 0 0 0 0 0 0 0 0 0 0 0 0 0 0 0 0 0 0 0 0 0 0 0 0 0 0 0 0 0 0 77 68 79 32 101 120 116 114 97 32 100 97 116 97 32 108 111 99 107 0 0 0 0 0 0 0 0 0 0 0 0 0 0 0 0 0 0 0 0 0 0 0 0 0 0 0 0 0 0 0 0 0 0 0 0 0 0 0 0 0 0 0 0 0 0 0 0 0 0 0 0 0 0 0 0 0 0 0 0 0 0 0 0 0 0 0 0 0 0 0 0 0 0 0 0 0 0 0 0 0 0 0 0 0 0 0 0 0 0 0 0 0 0 0 0 0 0 0 0 0 0 0 0 0 0 0 0 0 0 0 0 0 0 0 0 0 19 1 0 0 193 182 0 0 1 0 0 0 0 0 0 0 0 0 0 0 2 0 0 0 0 0 3 0 2 0 0 0 16 0 0 0 255 255 255 255 2 0 1 0 0 0 0 0 data 2 0x10002 0x16d8 oops 0
ciMethodData scala/collection/immutable/StringLike$class r (Lscala/collection/immutable/StringLike;)Lscala/util/matching/Regex; 2 6123 orig 264 72 34 212 119 0 0 0 0 32 126 156 27 0 0 0 0 120 1 0 0 0 0 0 0 0 0 0 0 0 0 0 0 0 0 0 0 0 0 0 0 0 0 0 0 0 0 0 0 0 0 0 0 0 0 0 0 0 0 0 0 0 0 0 0 0 0 0 0 0 0 0 0 0 0 0 0 0 0 0 0 77 68 79 32 101 120 116 114 97 32 100 97 116 97 32 108 111 99 107 0 0 0 0 0 0 0 0 0 0 0 0 0 0 0 0 0 0 0 0 0 0 0 0 0 0 0 0 0 0 0 0 0 0 0 0 0 0 0 0 0 0 0 0 0 0 0 0 0 0 0 0 0 0 0 0 0 0 0 0 0 0 0 0 0 0 0 0 0 0 0 0 0 0 0 0 0 0 0 0 0 0 0 0 0 0 0 0 0 0 0 0 0 0 0 0 0 0 0 0 0 0 0 0 0 0 0 0 0 0 0 0 0 0 0 0 0 19 1 0 0 193 182 0 0 1 0 0 0 0 0 0 0 0 0 0 0 2 0 0 0 0 0 0 0 0 0 0 0 48 0 0 0 255 255 255 255 5 0 4 0 0 0 0 0 data 6 0x40005 0x0 0x2494bad0 0x16d8 0x0 0x0 oops 1 2 scala/collection/immutable/StringOps
ciMethodData scala/collection/immutable/StringOps r (Lscala/collection/Seq;)Lscala/util/matching/Regex; 2 6123 orig 264 72 34 212 119 0 0 0 0 168 86 157 27 0 0 0 0 96 1 0 0 0 0 0 0 0 0 0 0 0 0 0 0 0 0 0 0 0 0 0 0 0 0 0 0 0 0 0 0 0 0 0 0 0 0 0 0 0 0 0 0 0 0 0 0 0 0 0 0 0 0 0 0 0 0 0 0 0 0 0 0 77 68 79 32 101 120 116 114 97 32 100 97 116 97 32 108 111 99 107 0 0 0 0 0 0 0 0 0 0 0 0 0 0 0 0 0 0 0 0 0 0 0 0 0 0 0 0 0 0 0 0 0 0 0 0 0 0 0 0 0 0 0 0 0 0 0 0 0 0 0 0 0 0 0 0 0 0 0 0 0 0 0 0 0 0 0 0 0 0 0 0 0 0 0 0 0 0 0 0 0 0 0 0 0 0 0 0 0 0 0 0 0 0 0 0 0 0 0 0 0 0 0 0 0 0 0 0 0 0 0 0 0 0 0 0 0 19 1 0 0 193 182 0 0 1 0 0 0 0 0 0 0 0 0 0 0 2 0 0 0 0 0 0 0 0 0 0 0 16 0 0 0 255 255 255 255 2 0 2 0 0 0 0 0 data 2 0x20002 0x16d8 oops 0
ciMethodData scala/collection/immutable/StringLike$class r (Lscala/collection/immutable/StringLike;Lscala/collection/Seq;)Lscala/util/matching/Regex; 2 6123 orig 264 72 34 212 119 0 0 0 0 216 126 156 27 0 0 0 0 144 1 0 0 0 0 0 0 0 0 0 0 0 0 0 0 0 0 0 0 0 0 0 0 0 0 0 0 0 0 0 0 0 0 0 0 0 0 0 0 0 0 0 0 0 0 0 0 0 0 0 0 0 0 0 0 0 0 0 0 0 0 0 0 77 68 79 32 101 120 116 114 97 32 100 97 116 97 32 108 111 99 107 0 0 0 0 0 0 0 0 0 0 0 0 0 0 0 0 0 0 0 0 0 0 0 0 0 0 0 0 0 0 0 0 0 0 0 0 0 0 0 0 0 0 0 0 0 0 0 0 0 0 0 0 0 0 0 0 0 0 0 0 0 0 0 0 0 0 0 0 0 0 0 0 0 0 0 0 0 0 0 0 0 0 0 0 0 0 0 0 0 0 0 0 0 0 0 0 0 0 0 0 0 0 0 0 0 0 0 0 0 0 0 0 0 0 0 0 0 19 1 0 0 193 182 0 0 1 0 0 0 0 0 0 0 0 0 0 0 2 0 0 0 0 0 0 0 0 0 0 0 64 0 0 0 255 255 255 255 5 0 5 0 0 0 0 0 data 8 0x50005 0x0 0x2494bad0 0x16d8 0x0 0x0 0xb0002 0x16d8 oops 1 2 scala/collection/immutable/StringOps
ciMethodData scala/util/matching/Regex findFirstIn (Ljava/lang/CharSequence;)Lscala/Option; 2 3374 orig 264 72 34 212 119 0 0 0 0 24 15 158 27 0 0 0 0 88 2 0 0 0 0 0 0 0 0 0 0 0 0 0 0 0 0 0 0 0 0 0 0 0 0 0 0 0 0 0 0 0 0 0 0 0 0 0 0 0 0 0 0 0 0 0 0 0 0 0 0 0 0 0 0 0 0 0 0 0 0 0 0 77 68 79 32 101 120 116 114 97 32 100 97 116 97 32 108 111 99 107 0 0 0 0 0 0 0 0 0 0 0 0 0 0 0 0 0 0 0 0 0 0 0 0 0 0 0 0 0 0 0 0 0 0 0 0 0 0 0 0 0 0 0 0 0 0 0 0 0 0 0 0 0 0 0 0 0 0 0 0 0 0 0 0 0 0 0 0 0 0 0 0 0 0 0 0 0 0 0 0 0 0 0 0 0 0 0 0 0 0 0 0 0 0 0 0 0 0 0 0 0 0 0 0 0 0 0 0 0 0 0 0 0 0 0 0 0 4 1 0 0 81 97 0 0 1 0 0 0 0 0 0 0 0 0 0 0 2 0 0 0 0 0 6 0 2 0 0 0 8 1 0 0 255 255 255 255 5 0 1 0 0 0 0 0 data 33 0x10005 0x0 0x2494c290 0xc2a 0x0 0x0 0x50005 0x6 0x2495f930 0xc24 0x0 0x0 0xa0005 0x6 0x24946100 0xc24 0x0 0x0 0xd0007 0x24a 0x78 0x9e0 0x150005 0x4 0x24946100 0x9dc 0x0 0x0 0x180002 0x9e0 0x1b0003 0x9e0 0x18 oops 4 2 scala/util/matching/Regex 8 java/util/regex/Pattern 14 java/util/regex/Matcher 24 java/util/regex/Matcher
ciMethodData org/apache/spark/util/Utils$$anonfun$getCallSite$1 apply (Ljava/lang/Object;)Ljava/lang/Object; 2 5530 orig 264 72 34 212 119 0 0 0 0 128 119 169 27 0 0 0 0 176 1 0 0 0 0 0 0 0 0 0 0 0 0 0 0 0 0 0 0 0 0 0 0 0 0 0 0 0 0 0 0 0 0 0 0 0 0 0 0 0 0 0 0 0 0 0 0 0 0 0 0 0 0 0 0 0 0 0 0 0 0 0 0 77 68 79 32 101 120 116 114 97 32 100 97 116 97 32 108 111 99 107 0 0 0 0 0 0 0 0 0 0 0 0 0 0 0 0 0 0 0 0 0 0 0 0 0 0 0 0 0 0 0 0 0 0 0 0 0 0 0 0 0 0 0 0 0 0 0 0 0 0 0 0 0 0 0 0 0 0 0 0 0 0 0 0 0 0 0 0 0 0 0 0 0 0 0 0 0 0 0 0 0 0 0 0 0 0 0 0 0 0 0 0 0 0 0 0 0 0 0 0 0 0 0 0 0 0 0 0 0 0 0 0 0 0 0 0 0 145 1 0 0 73 160 0 0 1 0 0 0 0 0 0 0 0 0 0 0 2 0 0 0 0 0 3 0 2 0 0 0 96 0 0 0 255 255 255 255 4 0 2 0 0 0 0 0 data 12 0x20004 0x0 0x1d139790 0x1409 0x0 0x0 0x50005 0x8 0x208db130 0x1401 0x0 0x0 oops 2 2 java/lang/StackTraceElement 8 org/apache/spark/util/Utils$$anonfun$getCallSite$1
ciMethodData org/apache/spark/util/Utils$$anonfun$getCallSite$1 apply (Ljava/lang/StackTraceElement;)Ljava/lang/Object; 2 5530 orig 264 72 34 212 119 0 0 0 0 136 118 169 27 0 0 0 0 40 7 0 0 104 3 0 0 0 0 0 0 0 0 0 0 0 0 0 0 0 0 0 0 0 0 0 0 0 0 0 0 0 0 0 0 0 0 0 0 0 0 0 0 0 0 0 0 0 0 0 0 0 0 0 0 0 0 0 0 0 0 0 0 77 68 79 32 101 120 116 114 97 32 100 97 116 97 32 108 111 99 107 0 0 0 0 0 0 0 0 0 0 0 0 0 0 0 0 0 0 0 0 0 0 0 0 0 0 0 0 0 0 0 0 0 0 0 0 0 0 0 0 0 0 0 0 0 0 0 0 0 0 0 0 0 0 0 0 0 0 0 0 0 0 0 0 0 0 0 0 0 0 0 0 0 0 0 0 0 0 0 0 0 0 0 0 0 0 0 0 0 0 0 0 0 0 0 0 0 0 0 0 0 0 0 0 0 0 0 0 0 0 0 0 0 0 0 0 0 153 1 0 0 9 160 0 0 1 0 0 0 0 0 0 0 0 0 0 0 2 0 0 0 0 0 30 0 2 0 0 0 216 5 0 0 255 255 255 255 7 0 1 0 0 0 0 0 data 187 0x10007 0x0 0xf0 0x1401 0x50005 0x0 0x1d139790 0x1401 0x0 0x0 0x80007 0x0 0xa0 0x1401 0xc0005 0x0 0x1d139790 0x1401 0x0 0x0 0x110005 0x0 0x1bc40910 0x1401 0x0 0x0 0x140007 0x12df 0x38 0x122 0x1a0003 0x122 0x4e8 0x240007 0x7ef 0x440 0xaf0 0x2c0005 0x0 0x1d139790 0xaf0 0x0 0x0 0x2f0005 0x0 0x24981db0 0xaf0 0x0 0x0 0x340002 0xaf0 0x370007 0x122 0x2a8 0x9ce 0x3f0005 0x0 0x1d139790 0x9ce 0x0 0x0 0x460007 0x9ce 0x58 0x0 0x4b0007 0x0 0x88 0x0 0x4e0003 0x0 0x140 0x520005 0x0 0x1bc40910 0x9ce 0x0 0x0 0x550007 0x75a 0xf8 0x274 0x590005 0x0 0x1d139790 0x274 0x0 0x0 0x5d0005 0x0 0x1d139790 0x274 0x0 0x0 0x620005 0x0 0x1bc40910 0x274 0x0 0x0 0x670005 0x0 0x1bc40910 0x274 0x0 0x0 0x6a0003 0x274 0x48 0x6e0005 0x0 0x1d139790 0x75a 0x0 0x0 0x7b0004 0x0 0x208e02b0 0x9ce 0x0 0x0 0x800005 0x0 0x1d139790 0x9ce 0x0 0x0 0x830005 0x0 0x208e02b0 0x9ce 0x0 0x0 0x890003 0x9ce 0x1b0 0x910005 0x0 0x1d139790 0x122 0x0 0x0 0x9c0005 0x0 0x1d139790 0x122 0x0 0x0 0xa90004 0x0 0x208e02b0 0x122 0x0 0x0 0xad0005 0x0 0x1d139790 0x122 0x0 0x0 0xb00005 0x0 0x208e02b0 0x122 0x0 0x0 0xbf0003 0x122 0xa8 0xc90004 0x0 0x208e02b0 0x7ef 0x0 0x0 0xcd0005 0x0 0x1d139790 0x7ef 0x0 0x0 0xd00005 0x0 0x208e02b0 0x7ef 0x0 0x0 oops 23 6 java/lang/StackTraceElement 16 java/lang/StackTraceElement 22 java/lang/String 39 java/lang/StackTraceElement 45 org/apache/spark/util/Utils$$anonfun$getCallSite$default$1$1 57 java/lang/StackTraceElement 74 java/lang/String 84 java/lang/StackTraceElement 90 java/lang/StackTraceElement 96 java/lang/String 102 java/lang/String 111 java/lang/StackTraceElement 117 scala/collection/mutable/ArrayBuffer 123 java/lang/StackTraceElement 129 scala/collection/mutable/ArrayBuffer 138 java/lang/StackTraceElement 144 java/lang/StackTraceElement 150 scala/collection/mutable/ArrayBuffer 156 java/lang/StackTraceElement 162 scala/collection/mutable/ArrayBuffer 171 scala/collection/mutable/ArrayBuffer 177 java/lang/StackTraceElement 183 scala/collection/mutable/ArrayBuffer
ciMethodData org/apache/spark/util/Utils$$anonfun$getCallSite$default$1$1 apply (Ljava/lang/Object;)Ljava/lang/Object; 2 3057 orig 264 72 34 212 119 0 0 0 0 96 145 168 27 0 0 0 0 192 1 0 0 0 0 0 0 0 0 0 0 0 0 0 0 0 0 0 0 0 0 0 0 0 0 0 0 0 0 0 0 0 0 0 0 0 0 0 0 0 0 0 0 0 0 0 0 0 0 0 0 0 0 0 0 0 0 0 0 0 0 0 0 77 68 79 32 101 120 116 114 97 32 100 97 116 97 32 108 111 99 107 0 0 0 0 0 0 0 0 0 0 0 0 0 0 0 0 0 0 0 0 0 0 0 0 0 0 0 0 0 0 0 0 0 0 0 0 0 0 0 0 0 0 0 0 0 0 0 0 0 0 0 0 0 0 0 0 0 0 0 0 0 0 0 0 0 0 0 0 0 0 0 0 0 0 0 0 0 0 0 0 0 0 0 0 0 0 0 0 0 0 0 0 0 0 0 0 0 0 0 0 0 0 0 0 0 0 0 0 0 0 0 0 0 0 0 0 0 1 1 0 0 129 87 0 0 1 0 0 0 0 0 0 0 0 0 0 0 2 0 0 0 0 0 8 0 2 0 0 0 112 0 0 0 255 255 255 255 4 0 2 0 0 0 0 0 data 14 0x20004 0x0 0x1bc40910 0xaf0 0x0 0x0 0x50005 0x0 0x24981db0 0xaf0 0x0 0x0 0x80002 0xaf0 oops 2 2 java/lang/String 8 org/apache/spark/util/Utils$$anonfun$getCallSite$default$1$1
ciMethodData org/apache/spark/util/Utils$$anonfun$getCallSite$default$1$1 apply (Ljava/lang/String;)Z 2 3057 orig 264 72 34 212 119 0 0 0 0 168 144 168 27 0 0 0 0 128 1 0 0 0 0 0 0 0 0 0 0 0 0 0 0 0 0 0 0 0 0 0 0 0 0 0 0 0 0 0 0 0 0 0 0 0 0 0 0 0 0 0 0 0 0 0 0 0 0 0 0 0 0 0 0 0 0 0 0 0 0 0 0 77 68 79 32 101 120 116 114 97 32 100 97 116 97 32 108 111 99 107 0 0 0 0 0 0 0 0 0 0 0 0 0 0 0 0 0 0 0 0 0 0 0 0 0 0 0 0 0 0 0 0 0 0 0 0 0 0 0 0 0 0 0 0 0 0 0 0 0 0 0 0 0 0 0 0 0 0 0 0 0 0 0 0 0 0 0 0 0 0 0 0 0 0 0 0 0 0 0 0 0 0 0 0 0 0 0 0 0 0 0 0 0 0 0 0 0 0 0 0 0 0 0 0 0 0 0 0 0 0 0 0 0 0 0 0 0 1 1 0 0 129 87 0 0 1 0 0 0 0 0 0 0 0 0 0 0 2 0 0 0 0 0 0 0 0 0 0 0 48 0 0 0 255 255 255 255 5 0 4 0 0 0 0 0 data 6 0x40005 0x0 0x2494a710 0xaf0 0x0 0x0 oops 1 2 org/apache/spark/util/Utils$
ciMethodData org/apache/spark/util/Utils$ org$apache$spark$util$Utils$$sparkInternalExclusionFunction (Ljava/lang/String;)Z 2 3057 orig 264 72 34 212 119 0 0 0 0 216 19 123 27 0 0 0 0 208 3 0 0 72 2 0 0 0 0 0 0 0 0 0 0 0 0 0 0 0 0 0 0 0 0 0 0 0 0 0 0 0 0 0 0 0 0 0 0 0 0 0 0 0 0 0 0 0 0 0 0 0 0 0 0 0 0 0 0 0 0 0 0 77 68 79 32 101 120 116 114 97 32 100 97 116 97 32 108 111 99 107 0 0 0 0 0 0 0 0 0 0 0 0 0 0 0 0 0 0 0 0 0 0 0 0 0 0 0 0 0 0 0 0 0 0 0 0 0 0 0 0 0 0 0 0 0 0 0 0 0 0 0 0 0 0 0 0 0 0 0 0 0 0 0 0 0 0 0 0 0 0 0 0 0 0 0 0 0 0 0 0 0 0 0 0 0 0 0 0 0 0 0 0 0 0 0 0 0 0 0 0 0 0 0 0 0 0 0 0 0 0 0 0 0 0 0 0 0 1 1 0 0 129 87 0 0 1 0 0 0 0 0 0 0 0 0 0 0 2 0 0 0 0 0 31 0 2 0 0 0 128 2 0 0 255 255 255 255 5 0 10 0 0 0 0 0 data 80 0xa0005 0x95 0x2494bd00 0xa5b 0x0 0x0 0xd0002 0xaf0 0x100005 0x95 0x2494bad0 0xa5b 0x0 0x0 0x1e0005 0x95 0x2494bd00 0xa5b 0x0 0x0 0x210002 0xaf0 0x240005 0x95 0x2494bad0 0xa5b 0x0 0x0 0x2f0005 0x0 0x2494c290 0xaf0 0x0 0x0 0x320005 0x0 0x2494dcb0 0x9ce 0x2494dd60 0x122 0x350007 0x9ce 0xa0 0x122 0x3a0005 0x0 0x2494c290 0x122 0x0 0x0 0x3d0005 0x0 0x2494dd60 0x122 0x0 0x0 0x400007 0x122 0x38 0x0 0x440003 0x9ce 0x18 0x4d0005 0x95 0x1bc40910 0xa5b 0x0 0x0 0x540007 0x9ce 0x40 0x122 0x590007 0x122 0x38 0x0 0x5d0003 0x9ce 0x18 oops 10 2 scala/Predef$ 10 scala/collection/immutable/StringOps 16 scala/Predef$ 24 scala/collection/immutable/StringOps 30 scala/util/matching/Regex 36 scala/Some 38 scala/None$ 46 scala/util/matching/Regex 52 scala/None$ 65 java/lang/String
ciMethodData java/lang/StackTraceElement toString ()Ljava/lang/String; 2 5244 orig 264 72 34 212 119 0 0 0 0 248 90 63 27 0 0 0 0 112 5 0 0 200 3 0 0 0 0 0 0 0 0 0 0 0 0 0 0 0 0 0 0 0 0 0 0 0 0 0 0 0 0 0 0 0 0 0 0 0 0 0 0 0 0 0 0 0 0 0 0 0 0 0 0 0 0 0 0 0 0 0 0 77 68 79 32 101 120 116 114 97 32 100 97 116 97 32 108 111 99 107 0 0 0 0 0 0 0 0 0 0 0 0 0 0 0 0 0 0 0 0 0 0 0 0 0 0 0 0 0 0 0 0 0 0 0 0 0 0 0 0 0 0 0 0 0 0 0 0 0 0 0 0 0 0 0 0 0 0 0 0 0 0 0 0 0 0 0 0 0 0 0 0 0 0 0 0 0 0 0 0 0 0 0 0 0 0 0 0 0 0 0 0 0 0 0 0 0 0 0 0 0 0 0 0 0 0 0 0 0 0 0 0 0 0 0 0 0 126 1 0 0 241 151 0 0 1 0 0 0 0 0 0 0 0 0 0 0 2 0 0 0 0 0 17 0 2 0 0 0 40 4 0 0 255 255 255 255 2 0 4 0 0 0 0 0 data 133 0x40002 0x12fe 0x80005 0x8a 0x1d139790 0x1274 0x0 0x0 0xb0005 0x8a 0x1d1390b0 0x1274 0x0 0x0 0x100005 0x8a 0x1d1390b0 0x1274 0x0 0x0 0x170005 0x8a 0x1d1390b0 0x1274 0x0 0x0 0x1b0005 0x8a 0x1d139790 0x1274 0x0 0x0 0x1e0007 0x12fe 0x38 0x0 0x230003 0x0 0x2a8 0x2a0007 0x0 0x188 0x12fe 0x310007 0x124 0x168 0x11da 0x380002 0x11da 0x3d0005 0x82 0x1d1390b0 0x1158 0x0 0x0 0x440005 0x82 0x1d1390b0 0x1158 0x0 0x0 0x490005 0x82 0x1d1390b0 0x1158 0x0 0x0 0x500005 0x82 0x1d1390b0 0x1158 0x0 0x0 0x550005 0x82 0x1d1390b0 0x1158 0x0 0x0 0x580005 0x82 0x1d1390b0 0x1158 0x0 0x0 0x5b0003 0x11da 0x120 0x620007 0x0 0x108 0x124 0x690002 0x124 0x6e0005 0x8 0x1d1390b0 0x11c 0x0 0x0 0x750005 0x8 0x1d1390b0 0x11c 0x0 0x0 0x7a0005 0x8 0x1d1390b0 0x11c 0x0 0x0 0x7d0005 0x8 0x1d1390b0 0x11c 0x0 0x0 0x800003 0x124 0x18 0x850005 0x8a 0x1d1390b0 0x1274 0x0 0x0 0x880005 0x8a 0x1d1390b0 0x1274 0x0 0x0 oops 17 4 java/lang/StackTraceElement 10 java/lang/StringBuilder 16 java/lang/StringBuilder 22 java/lang/StringBuilder 28 java/lang/StackTraceElement 51 java/lang/StringBuilder 57 java/lang/StringBuilder 63 java/lang/StringBuilder 69 java/lang/StringBuilder 75 java/lang/StringBuilder 81 java/lang/StringBuilder 96 java/lang/StringBuilder 102 java/lang/StringBuilder 108 java/lang/StringBuilder 114 java/lang/StringBuilder 123 java/lang/StringBuilder 129 java/lang/StringBuilder
ciMethodData java/lang/StackTraceElement isNativeMethod ()Z 2 5244 orig 264 72 34 212 119 0 0 0 0 216 89 63 27 0 0 0 0 88 1 0 0 0 0 0 0 0 0 0 0 0 0 0 0 0 0 0 0 0 0 0 0 0 0 0 0 0 0 0 0 0 0 0 0 0 0 0 0 0 0 0 0 0 0 0 0 0 0 0 0 0 0 0 0 0 0 0 0 0 0 0 0 77 68 79 32 101 120 116 114 97 32 100 97 116 97 32 108 111 99 107 0 0 0 0 0 0 0 0 0 0 0 0 0 0 0 0 0 0 0 0 0 0 0 0 0 0 0 0 0 0 0 0 0 0 0 0 0 0 0 0 0 0 0 0 0 0 0 0 0 0 0 0 0 0 0 0 0 0 0 0 0 0 0 0 0 0 0 0 0 0 0 0 0 0 0 0 0 0 0 0 0 0 0 0 0 0 0 0 0 0 0 0 0 0 0 0 0 0 0 0 0 0 0 0 0 0 0 0 0 0 0 0 0 0 0 0 0 175 1 0 0 105 150 0 0 1 0 0 0 0 0 0 0 0 0 0 0 2 0 0 0 0 0 6 0 2 0 0 0 56 0 0 0 255 255 255 255 7 0 6 0 0 0 0 0 data 7 0x60007 0x12cd 0x38 0x0 0xa0003 0x0 0x18 oops 0
ciMethodData scala/collection/mutable/ArrayBuffer update (ILjava/lang/Object;)V 2 2754 orig 264 72 34 212 119 0 0 0 0 240 121 133 27 0 0 0 0 104 1 0 0 0 0 0 0 0 0 0 0 0 0 0 0 0 0 0 0 0 0 0 0 0 0 0 0 0 0 0 0 0 0 0 0 0 0 0 0 0 0 0 0 0 0 0 0 0 0 0 0 0 0 0 0 0 0 0 0 0 0 0 0 77 68 79 32 101 120 116 114 97 32 100 97 116 97 32 108 111 99 107 0 0 0 0 0 0 0 0 0 0 0 0 0 0 0 0 0 0 0 0 0 0 0 0 0 0 0 0 0 0 0 0 0 0 0 0 0 0 0 0 0 0 0 0 0 0 0 0 0 0 0 0 0 0 0 0 0 0 0 0 0 0 0 0 0 0 0 0 0 0 0 0 0 0 0 0 0 0 0 0 0 0 0 0 0 0 0 0 0 0 0 0 0 0 0 0 0 0 0 0 0 0 0 0 0 0 0 0 0 0 0 0 0 0 0 0 0 144 1 0 0 145 73 0 0 1 0 0 0 0 0 0 0 0 0 0 0 2 0 0 0 0 0 6 0 2 0 0 0 16 0 0 0 255 255 255 255 2 0 3 0 0 0 0 0 data 2 0x30002 0x932 oops 0
ciMethodData scala/collection/mutable/ResizableArray$class update (Lscala/collection/mutable/ResizableArray;ILjava/lang/Object;)V 2 2754 orig 264 72 34 212 119 0 0 0 0 128 16 136 27 0 0 0 0 88 2 0 0 144 0 0 0 0 0 0 0 0 0 0 0 0 0 0 0 0 0 0 0 0 0 0 0 0 0 0 0 0 0 0 0 0 0 0 0 0 0 0 0 0 0 0 0 0 0 0 0 0 0 0 0 0 0 0 0 0 0 0 0 77 68 79 32 101 120 116 114 97 32 100 97 116 97 32 108 111 99 107 0 0 0 0 0 0 0 0 0 0 0 0 0 0 0 0 0 0 0 0 0 0 0 0 0 0 0 0 0 0 0 0 0 0 0 0 0 0 0 0 0 0 0 0 0 0 0 0 0 0 0 0 0 0 0 0 0 0 0 0 0 0 0 0 0 0 0 0 0 0 0 0 0 0 0 0 0 0 0 0 0 0 0 0 0 0 0 0 0 0 0 0 0 0 0 0 0 0 0 0 0 0 0 0 0 0 0 0 0 0 0 0 0 0 0 0 0 144 1 0 0 145 73 0 0 1 0 0 0 0 0 0 0 0 0 0 0 2 0 0 0 0 0 5 0 2 0 0 0 0 1 0 0 255 255 255 255 5 0 2 0 0 0 0 0 data 32 0x20005 0x0 0x208e02b0 0x932 0x0 0x0 0x70007 0x932 0x70 0x0 0xf0002 0x0 0x120005 0x0 0x0 0x0 0x0 0x0 0x150002 0x0 0x1a0005 0x0 0x208e02b0 0x932 0x0 0x0 0x210004 0x0 0x1bc40910 0x932 0x0 0x0 oops 3 2 scala/collection/mutable/ArrayBuffer 22 scala/collection/mutable/ArrayBuffer 28 java/lang/String
instanceKlass akka/remote/ReliableDeliverySupervisor$Idle$
instanceKlass akka/remote/ReliableDeliverySupervisor$GotUid
instanceKlass akka/remote/EndpointWriter$TookOver
instanceKlass akka/remote/EndpointWriter$StoppedReading
instanceKlass akka/remote/EndpointManager$Send
instanceKlass akka/remote/HasSequenceNumber
instanceKlass akka/remote/EndpointManager$Quarantine
instanceKlass org/apache/spark/storage/BlockManagerMessages$RemoveBlock
instanceKlass org/apache/spark/storage/BlockManagerMessages$RemoveShuffle
instanceKlass org/apache/spark/storage/BlockManagerMessages$RemoveRdd
instanceKlass org/apache/spark/storage/BlockManagerMessages$GetMatchingBlockIds
instanceKlass org/apache/spark/storage/BlockManagerMessages$GetBlockStatus
instanceKlass org/apache/spark/storage/BlockManagerMessages$GetStorageStatus$
instanceKlass org/apache/spark/storage/BlockManagerMessages$GetMemoryStatus$
instanceKlass org/apache/spark/storage/BlockManagerMessages$GetExecutorEndpointRef
instanceKlass org/apache/spark/storage/BlockManagerMessages$GetPeers
instanceKlass org/apache/spark/storage/BlockManagerMessages$RemoveBroadcast
instanceKlass org/apache/spark/storage/BlockManagerMessages$ToBlockManagerSlave
instanceKlass org/apache/spark/util/MethodIdentifier
instanceKlass org/apache/spark/rdd/ZippedPartitionsPartition
instanceKlass org/apache/spark/CleanShuffle
instanceKlass org/apache/spark/shuffle/sort/SortShuffleWriter$
instanceKlass org/apache/spark/rdd/ShuffledRDDPartition
instanceKlass org/apache/spark/graphx/impl/VertexAttributeBlock
instanceKlass org/apache/spark/graphx/EdgeDirection
instanceKlass org/apache/spark/graphx/EdgeContext
instanceKlass org/apache/spark/graphx/PartitionStrategy
instanceKlass org/apache/spark/graphx/TripletFields
instanceKlass org/apache/spark/graphx/GraphOps
instanceKlass org/apache/spark/graphx/impl/ReplicatedVertexView$
instanceKlass org/apache/spark/graphx/impl/ReplicatedVertexView
instanceKlass org/apache/spark/graphx/impl/VertexRDDImpl$
instanceKlass org/apache/spark/graphx/impl/VertexPartitionBase
instanceKlass org/apache/spark/graphx/impl/RoutingTablePartition
instanceKlass org/apache/spark/mapreduce/SparkHadoopMapReduceUtil$class
instanceKlass org/apache/spark/rdd/RDD$
instanceKlass org/apache/spark/storage/StorageUtils$
instanceKlass org/apache/spark/graphx/VertexRDD$
instanceKlass org/apache/spark/ExceptionFailure
instanceKlass org/apache/spark/graphx/impl/EdgeRDDImpl$
instanceKlass org/apache/spark/TaskFailedReason$class
instanceKlass org/apache/spark/graphx/EdgeRDD$
instanceKlass org/apache/spark/Resubmitted$
instanceKlass org/apache/spark/TaskFailedReason
instanceKlass scala/Product4$class
instanceKlass scala/Tuple4
instanceKlass scala/Product4
instanceKlass org/apache/spark/graphx/impl/GraphImpl$
instanceKlass org/apache/spark/storage/BlockStatus$
instanceKlass scala/collection/mutable/ArrayOps$ofLong$
instanceKlass org/apache/spark/scheduler/JobSucceeded$
instanceKlass sun/misc/FormattedFloatingDecimal$2
instanceKlass sun/misc/FormattedFloatingDecimal
instanceKlass org/apache/spark/ui/jobs/UIData$ExecutorSummary
instanceKlass org/apache/spark/scheduler/GettingResultEvent
instanceKlass org/apache/spark/scheduler/CompletionEvent
instanceKlass org/apache/spark/Success$
instanceKlass org/apache/spark/scheduler/TaskResultGetter$$anon$2
instanceKlass scala/collection/parallel/mutable/ParHashMap
instanceKlass scala/collection/parallel/mutable/ParHashTable
instanceKlass scala/collection/parallel/mutable/ParMap
instanceKlass scala/collection/parallel/mutable/ParMapLike
instanceKlass scala/collection/parallel/mutable/ParIterable
instanceKlass scala/collection/parallel/ParMap
instanceKlass scala/collection/parallel/ParMapLike
instanceKlass scala/collection/parallel/ParIterable
instanceKlass scala/collection/parallel/ParIterableLike
instanceKlass scala/collection/generic/GenericParMapTemplate
instanceKlass scala/collection/generic/GenericParTemplate
instanceKlass scala/collection/generic/HasNewCombiner
instanceKlass scala/collection/mutable/HashTable$Contents
